<?xml version="1.0" encoding="UTF-8"?>
<robot generator="Robot 3.1.2 (Python 3.8.1 on win32)" generated="20200212 17:27:22.065" rpa="false">
<suite id="s1" name="Tests" source="C:\work\robotstack\web\tests">
<suite id="s1-s1" name="Spots" source="C:\work\robotstack\web\tests\spots">
<suite id="s1-s1-s1" name="Spots" source="C:\work\robotstack\web\tests\spots\spots.robot">
<test id="s1-s1-s1-t1" name="Limite de spots atingido">
<kw name="Abrir navegador" library="base" type="setup">
<kw name="Open Browser" library="SeleniumLibrary">
<doc>Opens a new browser instance to the optional ``url``.</doc>
<arguments>
<arg>about:blank</arg>
<arg>chrome</arg>
</arguments>
<msg timestamp="20200212 17:27:24.677" level="INFO">Opening browser 'chrome' to base url 'about:blank'.</msg>
<status status="PASS" starttime="20200212 17:27:24.677" endtime="20200212 17:27:30.786"></status>
</kw>
<kw name="Set Window Size" library="SeleniumLibrary">
<doc>Sets current windows size to given ``width`` and ``height``.</doc>
<arguments>
<arg>1440</arg>
<arg>900</arg>
</arguments>
<status status="PASS" starttime="20200212 17:27:30.787" endtime="20200212 17:27:34.921"></status>
</kw>
<kw name="Set Selenium Implicit Wait" library="SeleniumLibrary">
<doc>Sets the implicit wait value used by Selenium.</doc>
<arguments>
<arg>10</arg>
</arguments>
<status status="PASS" starttime="20200212 17:27:34.922" endtime="20200212 17:27:34.924"></status>
</kw>
<kw name="Go To" library="SeleniumLibrary">
<doc>Navigates the current browser window to the provided ``url``.</doc>
<arguments>
<arg>http://spotlab.herokuapp.com/</arg>
</arguments>
<msg timestamp="20200212 17:27:34.924" level="INFO">Opening url 'http://spotlab.herokuapp.com/'</msg>
<status status="PASS" starttime="20200212 17:27:34.924" endtime="20200212 17:27:37.551"></status>
</kw>
<status status="PASS" starttime="20200212 17:27:24.674" endtime="20200212 17:27:37.552"></status>
</kw>
<kw name="Dado que a conta &quot;2@2.com&quot; possui 4 spots" library="spot_steps">
<kw name="Set Suite Variable" library="BuiltIn">
<doc>Makes a variable available everywhere within the scope of the current suite.</doc>
<arguments>
<arg>${email}</arg>
</arguments>
<msg timestamp="20200212 17:27:37.553" level="INFO">${email} = 2@2.com</msg>
<status status="PASS" starttime="20200212 17:27:37.553" endtime="20200212 17:27:37.554"></status>
</kw>
<kw name="Set Token" library="services">
<arguments>
<arg>${email}</arg>
</arguments>
<kw name="Create Session" library="RequestsLibrary">
<doc>Create Session: create a HTTP session to a server</doc>
<arguments>
<arg>spotapi</arg>
<arg>${uri}</arg>
</arguments>
<msg timestamp="20200212 17:27:37.555" level="INFO">Creating Session using : alias=spotapi, url=http://spotlab-api.herokuapp.com, headers={},                     cookies={}, auth=None, timeout=None, proxies=None, verify=False,                     debug=0 </msg>
<status status="PASS" starttime="20200212 17:27:37.555" endtime="20200212 17:27:37.556"></status>
</kw>
<kw name="Create Dictionary" library="BuiltIn">
<doc>Creates and returns a dictionary based on the given ``items``.</doc>
<arguments>
<arg>email=${email}</arg>
</arguments>
<assign>
<var>&amp;{payload}</var>
</assign>
<msg timestamp="20200212 17:27:37.557" level="INFO">&amp;{payload} = { email=2@2.com }</msg>
<status status="PASS" starttime="20200212 17:27:37.557" endtime="20200212 17:27:37.557"></status>
</kw>
<kw name="Create Dictionary" library="BuiltIn">
<doc>Creates and returns a dictionary based on the given ``items``.</doc>
<arguments>
<arg>Content-Type=application/json</arg>
</arguments>
<assign>
<var>&amp;{headers}</var>
</assign>
<msg timestamp="20200212 17:27:37.558" level="INFO">&amp;{headers} = { Content-Type=application/json }</msg>
<status status="PASS" starttime="20200212 17:27:37.558" endtime="20200212 17:27:37.558"></status>
</kw>
<kw name="Post Request" library="RequestsLibrary">
<doc>Send a POST request on the session object found using the
given `alias`</doc>
<arguments>
<arg>spotapi</arg>
<arg>/sessions</arg>
<arg>data=${payload}</arg>
<arg>headers=${headers}</arg>
</arguments>
<assign>
<var>${response}</var>
</assign>
<msg timestamp="20200212 17:27:37.559" level="INFO">POST Request using : uri=/sessions, params=None, files=None, allow_redirects=True, timeout=None
headers={'User-Agent': 'python-requests/2.22.0', 'Accept-Encoding': 'gzip, deflate', 'Accept': '*/*', 'Connection': 'keep-alive', 'Content-Type': 'application/json'} 
data={"email": "2@2.com"} 
json=None</msg>
<msg timestamp="20200212 17:27:37.960" level="INFO">${response} = &lt;Response [200]&gt;</msg>
<status status="PASS" starttime="20200212 17:27:37.558" endtime="20200212 17:27:37.960"></status>
</kw>
<kw name="Convert To String" library="BuiltIn">
<doc>Converts the given item to a Unicode string.</doc>
<arguments>
<arg>${response.json()['_id']}</arg>
</arguments>
<assign>
<var>${token}</var>
</assign>
<msg timestamp="20200212 17:27:37.962" level="INFO">${token} = 5e445f7cdef1790017274fa2</msg>
<status status="PASS" starttime="20200212 17:27:37.961" endtime="20200212 17:27:37.962"></status>
</kw>
<kw name="Set Suite Variable" library="BuiltIn">
<doc>Makes a variable available everywhere within the scope of the current suite.</doc>
<arguments>
<arg>${token}</arg>
</arguments>
<msg timestamp="20200212 17:27:37.962" level="INFO">${token} = 5e445f7cdef1790017274fa2</msg>
<status status="PASS" starttime="20200212 17:27:37.962" endtime="20200212 17:27:37.962"></status>
</kw>
<status status="PASS" starttime="20200212 17:27:37.554" endtime="20200212 17:27:37.962"></status>
</kw>
<kw name="Save spot list" library="services">
<arguments>
<arg>full_spots.json</arg>
</arguments>
<kw name="Get File" library="OperatingSystem">
<doc>Returns the contents of a specified file.</doc>
<arguments>
<arg>resources/fixtures/${json_file}</arg>
</arguments>
<assign>
<var>${my_spots}</var>
</assign>
<msg timestamp="20200212 17:27:37.963" level="INFO" html="yes">Getting file '&lt;a href="file://C:\work\robotstack\web\resources\fixtures\full_spots.json"&gt;C:\work\robotstack\web\resources\fixtures\full_spots.json&lt;/a&gt;'.</msg>
<msg timestamp="20200212 17:27:37.971" level="INFO">${my_spots} = {
    "data": [
        {
            "thumb": "default.jpg",
            "payload": {
                "company": "Teste Dashboard 1",
                "techs":    "java, node",
                "price"...</msg>
<status status="PASS" starttime="20200212 17:27:37.963" endtime="20200212 17:27:37.971"></status>
</kw>
<kw name="Evaluate" library="BuiltIn">
<doc>Evaluates the given expression in Python and returns the results.</doc>
<arguments>
<arg>json.loads('''${my_spots}''')</arg>
<arg>json</arg>
</arguments>
<assign>
<var>${json}</var>
</assign>
<msg timestamp="20200212 17:27:37.972" level="INFO">${json} = {'data': [{'thumb': 'default.jpg', 'payload': {'company': 'Teste Dashboard 1', 'techs': 'java, node', 'price': '20'}}, {'thumb': 'yahoo.jpg', 'payload': {'company': 'Teste Dashboard 2', 'techs': 'java...</msg>
<status status="PASS" starttime="20200212 17:27:37.972" endtime="20200212 17:27:37.972"></status>
</kw>
<kw name="Set Variable" library="BuiltIn">
<doc>Returns the given values which can then be assigned to a variables.</doc>
<arguments>
<arg>${json['data']}</arg>
</arguments>
<assign>
<var>${data}</var>
</assign>
<msg timestamp="20200212 17:27:37.973" level="INFO">${data} = [{'thumb': 'default.jpg', 'payload': {'company': 'Teste Dashboard 1', 'techs': 'java, node', 'price': '20'}}, {'thumb': 'yahoo.jpg', 'payload': {'company': 'Teste Dashboard 2', 'techs': 'java, node', ...</msg>
<status status="PASS" starttime="20200212 17:27:37.972" endtime="20200212 17:27:37.973"></status>
</kw>
<kw name="${item} IN [ @{data} ]" type="for">
<kw name="${item} = {'thumb': 'default.jpg', 'payload': {'company': 'Teste Dashboard 1', 'techs': 'java, node', 'price': '20'}}" type="foritem">
<kw name="Get From Dictionary" library="Collections">
<doc>Returns a value from the given ``dictionary`` based on the given ``key``.</doc>
<arguments>
<arg>${item}</arg>
<arg>thumb</arg>
</arguments>
<assign>
<var>${thumb}</var>
</assign>
<msg timestamp="20200212 17:27:37.974" level="INFO">${thumb} = default.jpg</msg>
<status status="PASS" starttime="20200212 17:27:37.973" endtime="20200212 17:27:37.974"></status>
</kw>
<kw name="Get From Dictionary" library="Collections">
<doc>Returns a value from the given ``dictionary`` based on the given ``key``.</doc>
<arguments>
<arg>${item}</arg>
<arg>payload</arg>
</arguments>
<assign>
<var>${payload}</var>
</assign>
<msg timestamp="20200212 17:27:37.974" level="INFO">${payload} = {'company': 'Teste Dashboard 1', 'techs': 'java, node', 'price': '20'}</msg>
<status status="PASS" starttime="20200212 17:27:37.974" endtime="20200212 17:27:37.974"></status>
</kw>
<kw name="Save spot" library="services">
<arguments>
<arg>${payload}</arg>
<arg>${thumb}</arg>
</arguments>
<kw name="Create Session" library="RequestsLibrary">
<doc>Create Session: create a HTTP session to a server</doc>
<arguments>
<arg>spotapi</arg>
<arg>${uri}</arg>
</arguments>
<msg timestamp="20200212 17:27:37.975" level="INFO">Creating Session using : alias=spotapi, url=http://spotlab-api.herokuapp.com, headers={},                     cookies={}, auth=None, timeout=None, proxies=None, verify=False,                     debug=0 </msg>
<status status="PASS" starttime="20200212 17:27:37.975" endtime="20200212 17:27:37.975"></status>
</kw>
<kw name="Get Binary File" library="OperatingSystem">
<doc>Returns the contents of a specified file.</doc>
<arguments>
<arg>C:\\work\\robotstack\\web\\resources/images/${thumb}</arg>
</arguments>
<assign>
<var>${file_data}</var>
</assign>
<msg timestamp="20200212 17:27:37.976" level="INFO" html="yes">Getting file '&lt;a href="file://C:\work\robotstack\web\resources\images\default.jpg"&gt;C:\work\robotstack\web\resources\images\default.jpg&lt;/a&gt;'.</msg>
<msg timestamp="20200212 17:27:38.001" level="INFO">${file_data} = \xff\xd8\xff\xe0JFIF\xff\xdb\x84	( %!1!%)+...383-7(-.+


-%--------------------------------------------------\xff\xc0\xa0\xe2"...</msg>
<status status="PASS" starttime="20200212 17:27:37.976" endtime="20200212 17:27:38.001"></status>
</kw>
<kw name="Create Dictionary" library="BuiltIn">
<doc>Creates and returns a dictionary based on the given ``items``.</doc>
<arguments>
<arg>thumbnail=${file_data}</arg>
</arguments>
<assign>
<var>&amp;{files}</var>
</assign>
<msg timestamp="20200212 17:27:38.016" level="INFO">&amp;{files} = { thumbnail=\xff\xd8\xff\xe0JFIF\xff\xdb\x84	( %!1!%)+...383-7(-.+


-%--------------------------------------------------\xff\xc0\...</msg>
<status status="PASS" starttime="20200212 17:27:38.001" endtime="20200212 17:27:38.016"></status>
</kw>
<kw name="Create Dictionary" library="BuiltIn">
<doc>Creates and returns a dictionary based on the given ``items``.</doc>
<arguments>
<arg>user_id=${token}</arg>
</arguments>
<assign>
<var>&amp;{headers}</var>
</assign>
<msg timestamp="20200212 17:27:38.017" level="INFO">&amp;{headers} = { user_id=5e445f7cdef1790017274fa2 }</msg>
<status status="PASS" starttime="20200212 17:27:38.017" endtime="20200212 17:27:38.017"></status>
</kw>
<kw name="Post Request" library="RequestsLibrary">
<doc>Send a POST request on the session object found using the
given `alias`</doc>
<arguments>
<arg>spotapi</arg>
<arg>/spots</arg>
<arg>files=${files}</arg>
<arg>data=${payload}</arg>
<arg>headers=${headers}</arg>
</arguments>
<assign>
<var>${response}</var>
</assign>
<msg timestamp="20200212 17:27:38.019" level="INFO">POST Request using : uri=/spots, params=None, files={'thumbnail': b'\xff\xd8\xff\xe0\x00\x10JFIF\x00\x01\x01\x00\x00\x01\x00\x01\x00\x00\xff\xdb\x00\x84\x00\t\x06\x07\x13\x13\x12\x15\x12\x13\x13\x16\x15\x15\x17\x18\x18\x18\x17\x17\x18\x17\x18\x17\x18\x18\x17\x17\x15\x17\x17\x17\x15\x17\x17\x18\x1d( \x18\x1a%\x1d\x15\x15!1!%)+...\x17\x1f383-7(-.+\x01\n\n\n\x0e\r\x0e\x1a\x10\x10\x1a-%\x1d\x1f--------------------------------------------------\xff\xc0\x00\x11\x08\x01\xa0\x02\xe2\x03\x01"\x00\x02\x11\x01\x03\x11\x01\xff\xc4\x00\x1c\x00\x00\x00\x07\x01\x01\x00\x00\x00\x00\x00\x00\x00\x00\x00\x00\x00\x00\x01\x02\x03\x04\x05\x06\x07\x08\xff\xc4\x00T\x10\x00\x01\x03\x02\x03\x04\x07\x03\x08\x07\x05\x05\x07\x03\x04\x03\x01\x00\x02\x11\x03!\x04\x121\x05AQa\x06\x13"q\x81\x91\xa1\x072\xb1\x14#BRbr\xc1\xd13C\x82\x92\xb2\xe1\xf0\x15$Ss\xa24c\xb3\xc2\xf1%Dt\x83\x93\xb4\xc3Td\xd2\x16\x17\xc4\xe2E\x84\xa3\xff\xc4\x00\x1a\x01\x01\x01\x01\x01\x01\x01\x01\x00\x00\x00\x00\x00\x00\x00\x00\x00\x00\x01\x02\x03\x04\x05\x06\xff\xc4\x002\x11\x00\x02\x02\x01\x04\x01\x01\x07\x03\x03\x04\x03\x00\x00\x00\x00\x00\x01\x02\x11\x03\x04\x12!1AQ\x13\x14"3aq\x91\x052\x81BR\xa1\x15#\xb1\xf0b\xc1\xd1\xff\xda\x00\x0c\x03\x01\x00\x02\x11\x03\x11\x00?\x00\xe9\xdd`\xb5\xf8\xff\x00\xd1\x18w\x08Lf\xf1\x90\xb0\xfd5\xe9\xf5l\x0e,a\xc5\nu\x98i2\xa5\xdc\xe6:\\\\\x08\x04H\x8e\xcf\x05\xc1+;\xb7G@\xcd\xa74N\xa9\xfdJ\xe7XOk\xd8g\x08\xab\x85\xafO\x9bK*\x0f\x88*\xeb\t\xd3\xfd\x99R#\x14)\xf1\x15Z\xea~\x12Dz\xabM\x12\xd1\xad5\x12\x0b\x8a\x8d\x84\xc6\xd3\xabzUiU\xfb\x8fi\xf4\x95$\xb1\xcd\x99\nYA\xd6\x14:\xe2\x9b.\xdc\x928\xa5\x92\x89#\x14G\x14\xe31\x87\x8a\x82HDN\xe4\xb1E\xb3q\xe9\xd6c\x95\x1c\xf7\xa3\xceU\xb2m4-\xc5\x82\x9cm`w\xac\xe3k\x90\x9cn0\x8d\xea\xd9(\xd1\x07\x02\x8dQ\xd3\xc7\'\x99\x8fK&amp;\xd2\xd3 M\xba\x80Q\xdb\x8e\t\xd6b\xc1A\xc8\x97aG\x04\xc3\xf0jp\xaa\x12\xa4%\x0b)\xdf\x84\xe4\x99~\x1b\xfe\x8a\xf4\xb5%\xd4\x82\x94]\xc6~\xa5"\x9b,W\xcf\xc2\x82\x99\xa9\x83R\x8dYHZ\x88\x05iS\x06\xa3\xbb\x0cB\x02\x0ec\xb9\x1ed\xfdL?$\xd1\xa2\x85\xa19\xa5\x13\x80(9\x89%\x00Y\x02m\xd4\x93\x80\x94e\xe8B+\xa8x&amp;]IN/A\xd0U\xa1enD\x82\xc5di\x84\xc9\xa0\xa5\x0b \x14\x98S\x1dD\xa6\xcd(B\xd9\x1d\xc8\x93\xa5\x91\xb9!\xc1\x00\x88I\x94\xb8DP\tDPD\x804A\tD\x10\x00\x94R\x84\xa2\x9eh\x03%\x02QJ)@\x1c\xa0JO\x92\x12\x80\x08\x8a\x05\'\xe2\x802\x8aPDU\x02\xc1@w$\x82\x8d\x00!\x04E\t@\x04E\tI@(\x94R\x89\x14\xa1\x03E\x99\x02Q*\x03\x94\n)FP\x08%&amp;R\x9cR\n\xb4@JJ\x0e;\x92\x12\x80\xa2Q9\xc92\x93)@Q*67\x07J\xabr\xd5\xa6\xd7\x8eb\xe3\x98:\x82\x9f\x0e@\x83\xdc\xa81\xbbO\xa1\xce\x12\xec3\xb3\x8f\xf0\xde{]\xcdv\x87\xc5g\xe9\xe0k9\xc5\x8d\xa3P\xb8X\x8c\xa6\xdc\x896]F\xdb\x8c\xf7\x7f4\xd5m\xa2\xc6\x9c\xa5\xc0\x1e\x12^\xef\xddl\xabfi\x18\xac\'C\xf1/\xf7\xcb)\x0eg3\xbc\x9b\xf9\xab\x8c/B\xf0\xed\xfd+\xdfP\xf0$4y6\xe7\xcd[\x9ck\xdd\xee\xd3y\x1c\\C\x1b\xe5wz$\x16\xd5:\xbd\xac\xe4\xc6\xc9\xfd\xe7O\xc1NKHw\t\xb3\xa8R\x1f7E\xad\xe6\x04z\x9b\xa3;E\x83B\t\xe0\xc0^|\xc5\x93\x07\x04\xc2e\xc0\xbc\xf1y.\xf46\x1eJ@1\xa5\x80\xe0\x94\x06\x8e*\xa1\xf7i\xc7:\x8e\x1f\xc2\xd9\xf8\x84DT65H\x1c)\x80\xc1\xe7wz\xa7e\x11V\x80\xc8\xc30\x19\xca\t\xe2\xe9q\xf3t\x94\xe2R$\x01"(B\x12\x80\x05\x11@\x84\x97 \xb1R\x89\x124\x01\xca\t9Q\xa0\xb3\xa7\x07\x7f[\x97$\xf6\x98\xe0\xfd\xa0\xf9o\xb9J\x9bg\xc0\xbb\xfee\xd4\xc3\xac\xaav\xb7E\xb0x\x87\x9a\xb5i\x1e\xb0\x80\x0b\xda\xf74\xd8@\xd0\xc6\x9c\x97\x9e\xce\xb4q\x93\x87o\x0f$\x87a\x01\xd0\xae\xa1\x89\xf6o\x867f"\xb39\x1c\x8f\x1f\x00V3\xa5[\x0c\xe0\xabR\xa2j\n\xa6\xabC\x9a@-\x89~H7;\xd6\x94\x9f\x83.(\xcd;f\r@o\xc0\xcfz\xb1\xc1m|u\x01\xf3X\x9a\xec\x1c:\xc2\xe6\xf9:G\xa2\xd0c\xba\x0f\xb4)\x92:\x81P\x0f\xf0\xde\xd3\xe4\x1cB\xa8\xc5l\xfa\xf4\xbfIB\xab8\xcb\x1d\x1eq\n\xa9\xb2lE\x8e\x17\xda^\xd3\xa7\xefT\xa7Tp\xa9H\x03\xe6\xd8Wx/k\xae\xfdv\x0c\x1e&amp;\x95B?\xd2\xf1\xf8\xac7^\xdd3\x0e\xe4:\xa6\x9d\xc1]\xc8\x9bY\xd4\xf0\xbe\xd4v{\xe0?\xaf\xa2x&gt;\x9ea\xe6\xc2U\xee\x07\xa5\x18\x1a\xd0)b\xe8\x12~\x89~Wy:\x17\r8F\xf3\x1f\xd74\xcb\xf6x;\xfc\xc0S\xe1\x1c\x9e\x8ecK\xae;C\x88 \xfc\x13g\x84_]\xeb\xce\x940\xd5)\x1c\xd4\x9e\xe6\x1e,yo\xc0\x85o\x86\xe9v\xd3\xa5a\x8a\xa8\xe07T\r\xa8=D\xfa\xabK\xc3\x1b\xbe\x87s\xcc.\x89\xce\xd5rL/\xb5,cmV\x8d\n\xa3\x90}3\xe6\t\x1e\x8a\xeb\t\xed^\x81\x8e\xb7\x0bY\x9cK\x1c\xd7\x8f\xc0\xa6\xd67#\xa0\xfa \x1e\xb2\xf8N\x9fl\xea\x9f\xf7\x8e\xac\x9d\xd5X\xe6z\xc4+\xcc\x1e\xd1\xa3Z\r*\xd4\xaa\x0f\xb2\xf6\x95)\x94\x9a*\x9f\x82[qE0\xfadj\x0f\xf3M\xb9\xdc~*Yh\xb2n0\xa7\x9b\xb49\xaabQ\xf5\x8a\xd9(\xd0S\xda\t\xf6cB\xcdu\x9c\xd0n$\x83\x12\xad\x92\x8d`\xc4\x84\xb6\xd4\x0b0\xdcaO3h%\x93i\xa3\x90\x90i\x85N\xdd\xa3\xc5Hf\xd0K\x14L~\x1c&amp;ja\x02\x0c\xc6\x84\xf3q \xefT\xbc\x90j`\x94z\x985s\x9c\x14\x08\nP\xb3=S\n\x98}\x15\xa4u\x00S50\x81(\xa6q\xecM\x12\xafj\xe0\x14J\xb8(\xdc\xad\x10\xad\x15\n1S\x8a\x92\xfc\x19\t\x87\xe1\xc8J%\x838@\xc2l\xd2! \x92\x85\xb1\xc3L&amp;\x9d\x87G\x9d(T@Gu\x02\x9a4\x94\xe3P \xe0\n\x94\n\xc2\xd2\x90Z\xac\xcd\x10\x9au\x04\xa2\xd9^BH*MZ**\x00\x14P\x86d\x99@+\x9aL P@\x14\xa1\x99\x04H\x03)(\x12\x88 \x06d\x08E(\x81*\x81`\xa0J"QfR\x80\xa4\x94\x01D\xad\x00\xd0D\\\x8aP\x06JJ$%\x00d\xa2%\x13\x91"\x02\xda\x8c\xa4\xb4\xa5A:\x05h\x83NH)\xe3K\x89\x03\x88Ixkn\xe3n$\x86\x8fU@\xc1(\xda\xc2t\t/\xc7\xb3\xe8K\xfe\xe3I\xff\x00Q\x81\xea\x99}z\xae\xd1\xado\xdf%\xee\xfd\xd6\xc0\xf5B\x12\r05&gt;WM\xd7\xc41\x9e\xf1\r\xfb\xce\x03\xd3U\x1d\xd8r}\xfa\x8f&lt;\x87a\xbf\xe9\xbf\xaa:8f0\xf6Z\xd1\xcc\x0b\xf9\x9b\xab@I\xc7\x93\xee1\xee\xe6\x1b\x91\xben\x82|\x92b\xa9\xfa\x8c\x1e/w\x99\xb0\xf2*AA\x08Fv\x10;\xdfs\xea}\xe3\x03\xf7[\x03\xd1;N\x9bZ!\xad\r\x1c\x00\x03\xe0\x9cI(\x00L\xa2G(\x90XA\x04r\x89\x05\x80\x94\x92\x8d\x11A`\x94H"(\x02(\xe1\x02\x8aU !%\xc1+\xfa\t/v\x9d\xe1\x00\x08B\x11\x92\x88\x94\x01 \x84\xa0\x80\xd9\xd2\xdb4\x88\xbb\x88\xb8\x1d\xa0F\xba\x11\xc4sRY\x8ea$\x07\xb4\x98\x9db\xc1f\xe9Sk\x80.m\xf8\xf3\x93c{HA\xb4\xc8q"\x06\xfb\x99\xb1\xb6n@p_%j$}\x1fb\x8d[jL.k\xedg\xfd\xbb\x03\xc3+?\xf7\x01_FS\x01\xda\xc81\xa9n\x92"\xda\x95\x8f\xe9\xdc\x8cF\x16]%\xb4\xdbrf"\xad\xa4\xf2^\x8c\x19\x94\xa5Tq\xcd\x8a\xa3gd\xc4?\xb4o\x17A\xb5]\xc4\xf9\xac\xc7\xf6\xc5G\x1e\xcdFT\xd0\xea\xd7\x1d\xf3pT\xda{F\xa6Y\x86\x13\x13\xbcH\x91\x04\r\xfc\xf8,{x\xf95\xece\xe0\xb0\xc4\xe1)T\xfd%*o\xdcs0\x15Q\x88\xe8v\x01\xfa\xe1\xc39\xb1\xceg\xa00\xa57lk4\xcc\x8e\x04G\x1bN\xba%R\xdbT\x8bs\xc9\x88\xd4\xb4\xfdh\xf3ZYb\xfc\x99x\xa4\xbc\x19\xea\xfe\xce\xf0\xe6\xf4\xebVg~W\x8fQ*\xb3\x13\xec\xf2\xb0\xfd\x1e"\x9b\xb99\xaea&gt;R\xb7\xa3\x17L\xfd1\xe7\xe3\xbd9\x98\x1d \xcf\x02\xb7\xb8\xce\xd3\x95\xe2z\x19\x8df\x94\x83\xfe\xe3\xdam\xdcaT\xe26uzv\xa9B\xab7\xdd\x86#\x8c\x8b.\xd4w\xa6\x83\xcfZ`\x9f\xd1\x8f\xe3r\xd2fv\x9c3\xadl\xc1\x8f\x1d|\x8a\x0e\xa2\xd3\xb8|\x17q\xaf\x87c\xec\xfat\xde&gt;\xd3\x1a\x7f\x05Q\x88\xe8\xa6\t\xfa\xe1\xda\xd3\xac\xb0\xb9\x9f\x02\xae\xe28\x9c\x89\xd86\x1e!0\xfd\x965\xb7\x94z\xae\xa3\x88\xf6\x7f\x863\x92\xadj}\xe5\xaf\x1e\xa2US\xfa\x05P\xe6\xea\xf1\x0c0Ka\xed-\x98\x00\xea\t\xe3\xc1id&amp;\xc3\x1d\x84\xc6c(\xc7U\x88\xaa\xd1\xc1\xb5\t\x1eN\x90\xad\xf0\xdd&gt;\xdaT\xf5{*\x81\xfe%0O\x9b!J\xaf\xd0\xeckt\xa6\xd7\xfd\xc7\x8f\x83\xa1U\xe2vn"\x9f\xbf\x87\xaa\xdf\xd8$y\x89Wq6\x97\xf8_jo\xfdv\x11\xa7\x9d7\x91\xe8\xe9W8_i\x98\'~\x91\xb5\xe9\x1el\x0f\x1el%sg\xbd\xa4\xc1\x80x\x1dR\x1dA\xa7\xf9%\xc4\x9c\x9d\x9b\t\xd2\x9c\rH\xc9\x8b\xa4O\x07\x1c\x87\xc4:\x15\x9b\x0c\x99i\x0e\xe6\xd2\x08&gt;K\x81\xbf\x04\xd3\xfc\xee\x91K\x08\xe6\x19\xa6\xe2\xd3\xc5\xae-?\xe9V\x90\xb6z\t\xc4\x8f\xe6\x8b\xac\\O\x0b\xd2=\xa3K\xdd\xc4\xd4#\x83\xb2\xbc\x7f\xa8\x12\xad0\xfe\xd21\xad\xfd%:5?e\xcc&gt;%\xa6=\x14\xda]\xc7Y\xebP\x15\xca\xe7\xb8oj4\xbfY\x86\xa8\xdet\xde\xd7z:\n\xb6\xc3t\xef\x00\xfdk:\x99\xe1Q\x8eo\xa8\x90\x9bX\xb4l\x1b\x89!&lt;\xccqT\x98=\xa7B\xa7\xe8\xeb\xd2\xa9:e{I\xf2\xd5K!\xc3q\x85,\xb4[\xd3\xda*E=\xa2\xb3\xc2\xa1G\xd6\xa5\x8a5L\xc7\xa7\x99\x8d\x05dF!8\xdca\x0bVF\x8di\xae\n&lt;\xcdY6\xe3\xc8\x94\xfd=\xa6w\xad\x18f\x8cQ\x055S\n8*\xca{QHf\xd2\x0b@[\xb0!F\xa9\x80S\xdb\x8d\x07\xf0N\n\xed*\x10\xa2~\x08\xf0L?\nB\xd1\xd8\xd9!\xd4\x01J4fM"\x13dB\xd1T\xc1\x8b\xa8\xf50&lt;\x92\x89e6xF*\xa9\xb50J5L1J\x16D\xafQBp\xba\x9fR\x82\x8e\xfaJQl\x8aRe:\xe6&amp;\xca\x94[\x12Q\x02\x83\x92\\\x80Q)\x12\x8b2"\x80Q)%\xc8\x8aIr\xa8\n%\x00Rg\xfa)2\x94\x07s#\x94\x82P\xcc\xa0\x16\\\x91(\x02\x92J\x01y\x92B0\t\xd1\x1fW\xce=~\x08\x04\xcaH)O\xa9M\xbe\xf1\x13\xc0\x9b\xf7\xc0\xba\x03\x1d\xf5Y\xe7\r\x1e\xb7\xf4B\x8a\x14\x1cwy\xd9/\xe4\xfcL\xf7i\xe6\xa3:\xb3\xce\xf0\xdf\xba$\xf9\xb9 \xd3\x04\xcb\xa5\xdd\xe6}4U\x10\x97\xd70hD\xfe\xf1\xf4\xb2K\xeb8\xe8#\xbc\xc4x\x04\xd3\x13\x87Eh\x83\x0fs\x8c\xf6\x88\xfb\xa0\x0f]S=Cf`\x13\xc4\xdc\xf9\x94\xfb\xd2\x15\x02\\\x8a\x11\x94\x98B0\x11\xaa"\x10\x9f\xfa\xa3Aa\x14H\x14a\x05\x84Q!(\xa5\x08\x02\x88\xa1(\xa5P\x00\x82)E(\x03\x94\x92Q\x12\x8aP\x06\x8aQ\x12\x93(\x06\xb1x\xb0\xc8\x96\xbd\xd3\xa0kK\xbf\xe8\x9c\xa7R@9\\\xdeN\x80G\x92Es\xd9&gt;\x1f\xc4\x12\xc9\xba\x00\xe5%\xfb\xbb\xc2"R^t\xef@:J)M\xe6BP\x0b\xf1A5\xd6sF\x84.\xebQq\x07\x85\xc3\xaeb\xc3\xe8\xf2\x8d;\xd04\xdb\x94\x07\\\xba\xc4\x11\xab\xbb\xa7\x90\xd1*\x93\\2\xc9\x97\x16\xde=\xce\xcd\xa4\xef\x06\xda\'Kl\r\x87fD\xdaA:\x03{\xda&lt;\x17\xc1&gt;\xc0\x9amq2\xe6\xe6\x96\x88\x8b\x10A&amp;\x07x\xdc\xab\xb6\xe6\xc3\xa3\x88\xca\xfa\xa6\xa0,\x01\x92\xd2 M\xcei\x17\x83*\xce]-\x1b\x84\xe6\xe1\x10Kxo\xb2OT\xdc\x99Z\xe3-\x83\x1a\x80tUI\xc5\xda|\x91\xa5%L\xc8\xe2z\x0bM\xa0\xb9\x95\xc8\xcaE\xcbm\x1ce\xb7*\x01\xd8\x98\xaau\xe9\xb2\x96 \x97\x90K\x1d\x99\xcd\x1a\xf6\xb5\xd3\x9a\xe8\x0fa\ry\x89\x8d\x04D\xdc\x16\xcb\xb5\xdcU~;\x0c\xf7\xd7\xa1P\xea\xc6\x81\x00jj&gt;\xc3\x80\x00\x02\xbd\x10\xd4J\xf9g)a\x8dpQ5\xfbf\x99\x91\xf3\x99o1M\xda\x12\x06\x90O\xf3Q\xf0}/\xc6\xb4;=\x01T\x02XNW\x08\x8b\x96\x12\xde\x1a\xdf\x8a\xdc4\x02{ZH-$\xd8\x11\xabcH\x96\x9f5Y\xd1\xaa.\xa4\xca\xb1\'\xad\xa9\xd6d\x9c\xb9s5\xb3#\x94]\x16h\xb4\xf7E\x12X\x9aj\x9b(GO\xa9\x91\x0e\xc3\xbc\x10\x0c\x00\xfb\x02N\x86`\xc4\x18V\x18n\x9a\xe1\x1c\xd0\x1d\x9e\x99\x8b\xb4\xb4\x913\xf5\xdb\xae\xeb\xf7\xabM\xa8\xde\xb2\x91\x01\x81\xf2\xdc\xbe\xe86pwnH\xd3K\xa8\xf8.\x8e\xe1\x1c\xd65\xd4\x19l\xd2L\xb4\xd8\xbbx\xee\x11\xe2\xb2\xa5\x85\xab\xdb_\xc8k"\xe2\xd1\'\t\xd2,1\x12\xdcc"3\x10]\x95\xdc\x08\x83\xbf\xc1J\xc3m\'\xbe\xa3M\'\x8a\xac4\xc0\x0f\x10E\xdc\xe8\xfek3\x8c\xe8\x9e\x17\xab{\xf2&gt;\x91\x02\xd0\xf9\x00\x89\x8d\xc74\xc0Pp]\x06\xa7Q\x8d{1\x0ek\xcc\xda\x05\xaf\x1a\x8b\x83\xbdtK\x1dZ\x93F[\x9d\xd3\x8ag@v\xd1\xa8\xd0s\xb4\x13 XG)&lt;\xa5$m\xa1\xf4\x98@\xb4\x10u3~\xe8\x17\\\xed\xbd\x1e\xc5\xd3\xae\x1bK\x15\xdb-$\x12\xe2%\xa4\x9b\x1c\xd3\xc0\xa9\x86\xae\xd7\xa2 \xe4\xa8\x06\xb2\x18\xef\x1d\xc7\x8a\xb5%\xd4\xd0\xdc\xbc\xc4\xe8\x0c\xdal2;V\x896\x8b\xf0\xbd\xf5\x1ei\xba\x18\xca}\xa3\x9c\x00\xe7\xb8\x83\xa4\xd8q\\\xe7\r\xd2lcZz\xcc7X7\xb85\xcd1\xe1#Y\xbas\x0f\xd3:-s\x85L=@I.=\xa0{Yr\x80\x01\x88\x16[K/\xd1\xfd\x8c\xde?Z:[*\x03\xee\xb8\x1bqKk\x88\xbd\xf8\xaew\x87\xe9f\x15\xe0\x179\xd4\xdd\xc0\xb7K\xfdf\xeb6Vx\x1d\xbd\x87t\xb1\xb8\x80]\x1a\x87e\x1c\x01\xbd\xa7q\n9\xc9w\x16]\xb1}I\x1a\xca\x8cc\xc4&gt;\x9b^&gt;\xd3A\xf8\x85U\x88\xe8\xd6\t\xfa\xe1\xda\x0f\x16K\x0f\xfaJdb\xaa\x06\xda\xa8"\xc4\x19i\x06\xd6\x0e;\xa4\x88\xf1\t\xf1\x8d\xa8#0i\xe3\xa8\x8b\x8b\xf3\x1a\xfa(\xb3 \xf12\xae\xbfAp\xc4\xf6*V\xa7\xfbA\xc3\xfdB}VWi\xecN\xab\x1bK\x04\xca\x99\xcdP\x0b^\xe1\x94\t\xcdc\x1fw\xd5o\xe8\xed"L\x16\xf12\x0e\xb1\xacH\xe4VKlb\xc1\xdbXG\x90@\x01\xba\xf7T\x83\xea\xba\xe3\xc9\x19:\xb3\x94\xe0\xd2\xe8\x8d\x88\xe8f1\x9a1\x95\x07\xd8x\xf8:\x15f#d\xe2Y\xef\xd0\xaa?g0\xf3l\xae\xa1\xf2\xdaw9\x80\xbe\xf9\xf2NS\xc4ZC\x81\xbe\xa0\xef\xe4\x8ak\xd48\x1ci\xe5\x9a\x10\'\x81\xb7\xa2C\xb0\xec;\x97h\xaaZ\xf9\x0ec^&gt;\xd0\x07\xe2\xab1\x1b\x03\x06\xff\x00{\x0e\xc0x\xb6X\x7f\xd2WE6ga\xc9_\xb3Z\x7f\x98\nN\x16\xa6&amp;\x97\xe8\xb1\x15\x19\x1a\x01Q\xc3\xd0\xd9t\n\xfd\x0b\xc2\x9fu\xd5\xa9\xf788\x7f\xa8~*\x15~\x838~\x8f\x10\x0f\'\xb0\x8fV\xca\xbb\xd96\xa2\x86\x87L6\x95=j\n\x80}v5\xdee\xb0U\x96\x1f\xda]Qj\xd8V\x1f\xb8\xe2\xdfG\x02\x12*\xf4O\x14\xd9\x86\xb2\xa4}W\x89\xf2t(\x15\xf6V%\x9e\xfd\n\x80q\xcb\x98y\x89M\xe9\xf6\x86\xd6i\xf0\xde\xd20\x8e\xf7\xd9Z\x99\xfb\xa1\xed\xf3i\x95q\x84\xe9N\n\xa4d\xc4\xd3\x93\xb9\xc4\xb0\xf98.]U\x8c\x98s@&lt;\xc6R\x98\xa9\x82\xa6\x7f\xeb\xf8\x15S\x8b\'\'kc\xf3\ti\x0e\x1cZ\xe0~\t%\xc7z\xe1\xbf#\x0c2\xc7\x16\x9e \x96\x9f0\xa7a\xb6\xf62\x97\xbb\x89\xa9\x1c\x1cs\x8f\xf5J\xd2^\x86[;3k\x94\xaf\x94\xddr\xac?Oqm\xb3\xdbF\xa0\xe6\xd2\xd3\xe6\xd3\xf8+L?\xb4F\xfe\xb3\x0e\xf6\xf3c\x83\x87\x93\xa1Zb\xd1\xd1\x99\x8e&lt;T\x8a{H\xf1XL/M\xf0N\xd6\xa3\xa9\x9f\xb6\xc2\x07\x9bd+l6\xd6\xa3S\xf4u\xa9\xbf\xb9\xc3\xe0a9\'\x06\xb5\x9bV\xda\xa94\xb6\xb0\xe2\x16T=\xc3\x8f\x82O\xcay\xa0\xa3d\xdd\xa88\xa7\xd9\x8f\x05a\xc6,\xf1\x84\xb6c\xcf\x15IF\xd4\xe2\x02m\xe5\xa7\x82\xc9\r\xa6B?\xedB\xa84U\x9a\x0f\x05\n\xb3Z\xaa]\xb4\xcai\xd8\xf2\x80\x9bT\x05\x16\xa0Q_\x8bM\xbb\x11*\x14}\xc56\\\x98\xebQ:\xa2\x85\x1e.I.L\x1a\x89%\xea\x81\xf2\xf4R\xa3:\xaal\xd7T\x13\x1cQ\x17\xaa\xea\x98\xd0\xd1r\x07\x8a\xa7\xda\xdd(\x14c+K\xcb\xa7x\x00Dy\xea\xa1,\xd69\xd7\xb2\x0e&lt;m\xf1UX\x9d\xa0\xe6\xb9\xadp\x02CL\xcf\x1e\x01\x1d,[]r\xf37\x11\xee\x8fE\x93TY\xbe\xb0\x1a\xfa\xdb\xf9\x94\x81\x88\xfa\xad&gt;\x03\xf1rb\x83\x9b\xf4`\xf7A\xf3:\xa7\xa5P\x02\xf7\x9d`y\xb8\xfa\xdb\xd1\x13\x99&gt;\xf3\x9c\xeeD\xdb\xc8B\x0er\x19\x82\xb4K\x14\xc6F\x80\x0f\xeb\x922Re\tB\x8b\x05\x0c\xc9\xa6\x9b\x9f\x04\xa0\xe5H&lt;\xc4\xe3\x93,)\xc2\xeb \x1aqM\x82\x83\x8aA(F\x1b\x8a\xa3\xc7\xf4\xb3\rI\xd9]\xd6\xcc\xc1\xec\x16\xf8\xf6\xa2Gr\xb9s\x94-\xab\xb4)\xd1\xa6_Y\xa5\xec\x90\xd8\r\x0e2{\xd5!#\r\x8ce@\x1c\xc7\x07\x02\'\x9f\x88NJ\xe7\xbb;`\xd6\xaa\xde\xba\x81kA{\x85\xc9c\x848\xeb\x02\xebMM\x98\xea@^\x96%\xa0\\]\x8f\x1d\xc7B\x80\xbcq\xb2H*\x8d\xbd&amp;\xa3&amp;\x9dF\xbe\x93\xe7)k\x84\x80t\xd4w\xabJX\xb68\x02\xd7\xb4\x8e\xf0\x80\x90\\\x88\x94\x82\xf4Y\x90\x0b\x94\x92\x92\\\x92\\\x80rQJnP\x05\x00\xa2Re \xb9\'2\x01\xcc\xc9%\xc9\x0e)%\xc8\x01]\xdd\x9f\x10?\xd4\x12\xcb\x93\x15\xddo\x11\xf1\tw@I\xc2`\xea\xd6x\xa7E\x85\xef2r\xc8\x16\x1a\x99q\n\xdd\xdd\t\xc7\x0c\x99\xdbJ\x9ej\x8d`\xcc\xfc\xc4\x17ha\x80\xfcVf\xb5@.\\\x1aF\x86b\x0f\x11\xbeU\xb6\x17\xda3\xe9\nl\xadS\xe5\x14\xe9\xd4c\xf4&amp;\xa8\r\xdc\x1f`u\x1e\xf7\x9a\x10\xd8a\xbd\x97\xb8\xfe\x97\x16{\xa9\xd3\x03\xd5\xc4\xabl/\xb3\\\x13}\xfe\xba\xa9\xfbu\x08\xf4`hV]\x17\xe9\x96\x0f\x1e?\xbb\xd5\x05\xe2\xee\xa4\xee\xcdF\xf7\xb0\xea9\x89\n\xfc*B\x84t+g\xff\x00\xf4\x94\xbc\x90W\xe8 8\xc5V\xe5\x02e\xeeu\x87\x18\xb8\x13\xdcw\'\xdcm\xba,\x08\x9b\x81"`\x8b\x83tU\x83\xcc\x06\x16\x089\xa7p\xe1;\xf7\x8boDi\x02\xd9pu\xe7\xdd\xb1\x9d`r\xd4\xf8\xaf\x80}\x9a\x1b5,2\xc9nb-\xa8\x11\x00\x96\xf1\xef\xe2\x85*\xb7t\x03\r\xb8\xb4@.\xdd:\xf3R\x1a\xe2\xf6\xb5\xc0\x06\x99:\x0b\x91x07i~I\x82\x08i\x83 @\x19\xb7A\xb8&lt;w\xa8\xd9P\xf1\xb3\xc6g\xcb\xb3@3\xda\x03\x80\xe1bm\xc5D\xfe\xd5\xa5\xf2\x87R\x0e\x1d`\x17\x06d\xb8\x1c\xd9\x1b?H\x05&amp;\x9e!\xa5\x8d"w\x99q\x12m\xee\xc6\xb72{\x95i\xd8?\xde\xce+\xac\x0f\r~sL\xb4\x87\x80\xe6\x16\xcc\xe8`\x91\xa0]1\xa8\xbb\xbfC\x13rUD\xdcuB\x0cvE2{N\'\xddi\x90r\x81y\x90\xddy\xa5\xe1hvjR}\xdc\xd2\t."`\x8f_\xe6\x12\x9e\xd8q\xeb#6\xe1c\x9d\xb6\xedF\xe3\xb9=N\x93\\\xea\x81\xcc\x96\xf6\x1b\xac\xdc\x0b6\xdc\x7f\x05\x83L\x8f\x8c=\x82\xeb\x16\xb5\xa2\xf0x\x93n\x04\x19\xd7\x82[%\x8d\xcb\x94\x10\r\xa4\x12\x03\x89\x93\x07\xc6\xc7\xbd\r\xa0i\xd3\xa4MB\xd6\xb6\xa0\x8e\xd1\xca@\x16\xca#^\x1e)\xc72K\x089\x8e\x80\x83-sI\xcd\x9b\x9c\x00=R\x9drA\x8c]\x1c\xd4\xed\xa3\x98d\x02\',\x1b\x9e1"\x08\xe4\x9a\xc2\xe0\xf240\r\x0b\x9a\xd83h9\x9d~\x1d\x99\x95\x1b\xa4\xb8\xb3G\x0e\x1e\x03^K\xc8\x19\xac\x1b \x99\x11\xdd\xa2\x95\xb3\xea\xba\xab\x19T\xc3s\xb7&lt;\x89\x869\xed\xbcw\x00;\xe5kl\xb6_\x836\xb7W\x91\x87P\x1dsj\xb8\xb6D0\x1dA9]\x9aGx\x1ejMV0\x82$\x93\xda\x8e$\xb4\x10\xe9&gt;P\x10v\x14K\r\xa6sN\xe3-\xd1\xc3s\xac\x8e\xb4v\x83F\xf7\x97n\x92Z \x11\xbfIYf\x88\xbb&gt;\x96Ze\x83\xdd\x07,\x9dN\\\xbe\x9a\xf9\xa7q\x81\xa1\xaflg\x89\x10Z\x08\x05\xc2nM\xc1\x8b\xf8\xa9\x0el\xb4\x0fx\xc3y\x1e\xc8\xed\x11\xc0&amp;+\xbf+\\\xe0cy\'t\xb4\x01&lt;l}\x16\xad\xdd\x8a\xe2\x8a=\x93\xb3p\xf5)0\xd4\xa3L\xcc\x12b\r\xc5\xdac\xcd@oEp\xef\xc4=\x8fk\x9a\xc0\xd9\x19M\xc1\x98\x13;\xe2\x16\xb0S\x0c0&amp;I\x9b\xc6\xfdn\x06\x89\x0c\xa0\xd6\x19\x02\xcf\xccL\xc5\xdccO\x8f\x82\xe8\xb2\xc97L\xc7\xb3\x8bJ\xd1\x8d\xda]\x0c\xa4\xcae\xed\xa8\xf0$\x03!\xa4\t\xb8\xd3^\xf4\xfd\x1d\x85\x8dkA\xa5\x8c0l\x03\x89\xd3\xf6\x81\x10\xb4{I\xcdh-\x06\\NP\xdd\xee\x11#\xc8|\x13\xac\xa5jz{\xa2H\xdc5 ~\xea\xd7\xb7\x9ds\xcf\xdc\xcf\xb1\x8d\xf0dMm\xa6\xca\x8d\x19\x9bP\x91`2\x96\x9e\xfb\x0b\x89I\xc3\xb7\x14\xfcv\x1e\xb5|9fR&amp;\x07f2\xba\xe6\xe7\x8a\xd1\xd5\xa2:\xf6;@F[_\xb5\xa8\x9e\x02\x1a\xa7V\x13.\x17\x80\x1bkq\x8dxN\xbb\xd6\xbd\xbdt\x91\x9fe}\xb6%\xcd\x0e!\xc7v\xb0\x06\xed\xe7\x99\x9d\x14z\x83H\x88\xb9i\x1aF\x97\xe0`\x12\x9ey \x81\xa8\x80{\xccX\xf7\xc8(\x98\xd2}\xd0"\x04j\x0e\x91\x04\xee\xef^s\xa8\xd3\x98@\xec\xb8\xc7\x01"/\xba;\xd3\x951/\x1fH\xc6\x82\xf3x\x893\xcd\x17V\xec\xc2\xf0\xd8\xdd\xe3\xfc\xd2Z\xd2o\x12\x081x \x913~r\x16\x94\x98i1\xe3\x8fx\xb1\xcaH\xd6\xd1\x166\xb74\xe5=\xa4\xe2\t\xca-\xa0\x9b\xe9}TZ\x82H\xde5\x16\xb1\xdd\xe7\x02R\x003\x19c^\xd1\xfb?\x19\xfc\x96\xd6I\x13dI\xff\x00\xda\xa2Z\x08p\x9d\r\x8d\xf8\'\xbf\xb4\xdb\xf5\xa2\xfc\x08\xf0U@\x9b\xcb\xafc\x1d\xe4I=\xd3\xe8\x85V\xc8&lt;\xb8\xef7\x8b\x85\xb5\x9aF\x1e$[;\x12\xd7\x8b\xe4p\xde\x0c\x1bx\xa8\x18\x9d\x93\x86\x7f\xbd\x87d\x9d\xe0e?\xe9*+\xfbBu\x02\x01\xfe\\\xac{\xd2*\xb6.\'pu\xf7\x7f[\xb7B\xd4s}\x0c&lt;d\\oE\xb0\xc4vMFw8\x11\xdf\xda\n\x93\x17\xd1@\x07c\x11\xe0\xf6~!?\xd2\xbceZT\x9b\xd5&lt;\x87u\x84O\x11\x94\xf1\xb4YS\xd1\xdaX\x8f\xd6=\xae\x9dFQ&gt;k\xdd\x86\xe5\x1bG\x97\'\xc2\xe8n\xbe\xc4\xac\xdd\xecws\xa0\xf9\x15\x06\xa6\x16\xa3ui\xf8\xfc\x13\x98\xdd\xa6\xe0\xfc\xae3\xa1\xe1\xae\xe4\xd0\xc5\x83\xbc\x83\xc7U\xdbk9nCQ\xc6\xc9\x06\x9bN\xa0)\x02\xb9\xddR\xdc\xc2"O\x06:|\x14\xda\xc5\xa0a\xb1U)\xfe\x8e\xadF}\xd7\x10&lt;\xa6\x15\xa6\x1f\xa5\x98\xd6\xfe\xb8&lt;}\xb6\x83\xea \xaa\x93\xf7\x1c;\x8c\xa4\xb8\xb6\xc2H\xef\nQl\xd4\xe1\xfayTGYE\x8e\xe6\xc7\x16\xfa\x19V8~\x9c\xe1\xcf\xbe\xca\xac\xf0\x0e\x1d\xf6+\x06@\xdc\xe6\x9f\x14\x00&lt;\x14\xa0t\xcc?H\xf0\x8f\x80+\xb0\x1f\xb5,?\xea\n\xca\x9dP\xefu\xc1\xdd\xc4\x15\xc8\x1d\xdc\x92\x1a\x01\x91\xd9&lt;E\x8f\x98J\x07b$\xf3I5\x17.\xa1\xb614\xc7c\x11P\x0e\x04\xe6\x1eN\x95\xa5\xe8\xe6\xd7\xc5\xd5\xa8\x05V\x83N\x0c\xbf&amp;[\x81k\xa1MQ\xa8\x86t\xc6~hgP\x12\x03\xbdQ\x17\xa6C\xd05\x10\xa8s2K\x9c\xa1\xe3q\xc2\x9bs\x16\xbd\xc3\xec4\xb8\xfanPht\x87\x0e\xfbu\x99\x0c\xe9Pd7\xefJ\x16[&lt;\xcd\x82\xa9\xda#(\x97V\x0c\xe4\xe2\x02\x8f\xd2\x9cA\x18l\xd4\xea}6\x89c\xb7^t2\xb1Y/&amp;\xe7\x89\xb9\xf37T\x96\\cq\xed\x04\x86\xbf8\xe4-\xbfyU\x98\xccAp\x13\xb8\xdb\xd1&amp;\x12ji\xfdr@t\x1d\xb6\x07^\xc1\xc5\x94\xef\xf7nTZg\xe7\x1c.\x01k\xdc9\x8d\xc5M\xe9\x1f\xe9[\xc9\xad\xfe\x10\x99\xa9U\xc05\xc4\x03\xa6\xba\x91\xbdr}\x9d\xd5\xd0\xce\x1a\x90s\x1a~\x90\xdf\xc7\x9a\x94]Q\xa2i\xbc\x987i\x87Ot\xa5\x96\xe7i\xcal[\x13\xc3\x97zc\x0cr\x8c\x9c\xfcg\xf9\xa1(\x99Kh\x90!\xe0f\xb4\xc5\xb5\xd1Hf9\x86nF\xeb\x8d;\xe1T\xe2\xe9\x1c\xe0\xc5\x88\x03\xcbT\xddZn\x06\xa4\x88\x96\x92&lt;\xc7\xe6\xad\x92\x8d\x05:\xedw\xba\xe0{\x8avVu\xd4\xdb\x00\xb8D\x0b\xf7\xf3)\xee\xdbH,y\r"`\xdf\xcaV\xb7\x12\x8b\x80\xfb\x9f\x04\xa0\xe5R\xdd\xa7\xbc\x81\x06\x04\xe9\x1c\x13\xdf\xda,\x9324\x9d\xe0p\xb8U2QiM\xc9nr\x81G\x16\xc7{\xae\x05:\xea\xaa\x90S\x8aIzo?4\xded#\x1ds\xd4\\~\n\x9dv\x86V/\xea\xc3\x83\x8fVZ\xd7\x98\x06\x00.\x04\rx\x14\xa7\xbd\':\xa4\x06\x0f\x07N\x8bM:9\x833\x17\x00\xf7fp\x9e.\x00O\x92x\xbdG\xce\x88\xd4@B\xda{\x1f\x0e\xfc\xd5\x8bK^%\xe5\xcd:\xb8\\\x12&lt;\x02\xae\xd8\xd8\x1c%c\x98SwYO)vc\xd9s\x8c\xde7\xdc+\x9cGi\x8ei6 \x8f4\x8c&gt;\x06\x85"M\no`s@vg\xe7$\x8d\xf7\x0256\x08\t\xb3\xe4\x8b2\x89S\x12\xc6\xfb\xcfh\xef!D\xab\xb6\xa8\x8f\xa7=\xc0\x94\x05\xa9~\xf4\x9c\xca\x8a\xa7H\x19\xa3X\xe3\xdf\x00(\xd5:B\xff\x00\xa2\xc6\x0e\xf9?\x92\x03J\\\x84\xac\x8b\xf6\xb5s\xf4\xe3\xee\x80\x13\x0e\xae\xf7{\xcfs\xbb\xc9@k\xeab\x1a\xdd^\xd1\xde@Q*\xedz#\xe9\x83\xdc\tY\\\xa3\x80J\x84\x05\xf5M\xbfLh\xc7\x9f \xa3T\xdb\xef\xfa4\xdb\xe2IUh\x82\x02mM\xabU\xdfH\x0f\xba\x00\xf2L&gt;\xbb\xdc{Oq\xf1?\x04\xd0@\x14\x00\x81:"v\x96\xe2\xdf\x88G\xc5&amp;\xa1\xd3\xbc|B\x80\x1b\xc3\x81-sL\xb5\xcd\x90\xe0x\xb4\x8b\x82\xba\x17E\xbd\xadb\xf0\xd1O\x14\xdf\x95R\x16\xcdf\xd7h\xef\xf7jx\xc1\xe6\xb9\xf1AR\x1e\x85\xa7\xedge\x10\x0f^\xe1#CJ\xa4\x8eF\x1b\xaa\x0b\xcfR\x10K\x14v\x0ceN\xdb3_4:\xe3\xde\xd3B.\x05\xbe\x08\xf15\x18\xd7\xc0=\xa8\xb49\xce\xec\xe6\x04\x17x\xb9I&amp;\x9b]\x99\xc3 \xec\x9bI\x80e\xb09\xcbt\xe0\x9b\xa3E\x87\xb2\xc6\xdbR\xed\xc2K\x80o\xc3^\x0b\xe03\xec\xa64CC\xf2\xe6\x02\xcdc\x88\x93\xefL\xc9\xde\x9de0l\x04\x06\xba\xc0\xea\xe90`\x1fx\xea\x9fv\x08=\xfd[\x9e\xec\xad0wv\x8f\xba{\xf5\x94Xzm\x8c\xb9\x9c\x0c\x08i\x8b\x00l\'\x8cB\xc9H\xadt\x1b}_v\xc4\x9e\xd0\xbfz\xbc\xc5c)2\x83\xa9\xb1\xa73\x05\x9e\xf1\xda\xcc`?/\x08n\xeeJ\xa2\x95\';/e\xcdl\xb9\xa74\x03\r\xd0\x90\t\xb5\xe0w"m*\xa0\xe7.\xcf\xd9\xdc`\xe7\x9e\x06\xde\xec[UT\x99\x1c\x13\xa2+\xa9\xc1\xec7\xb5\xd9-\x06!\x92I%\xd3p\r\xec\xa5\xe1\xe9\x02\xe7\x00\xd8\x19\x84s\xec\xeaxL\x93\xe0\x9d\xae\xd7NP\t\x00\x80d\x8b\xc8\xccg\x80\x93\xe8\xab\xb6n\xd7mZ\xd5\xe8\xb4T\x0e\x0e&amp;\xe0\x1c\xc1\x87+\xa4\xb4\xfdb#\x92\xd4b\xdao\xc2\x12\x92\x8d"?H\xf6[\xf14\x9a\xd6uc#\xc1\xcc\xe9\x96\xb4\x82\xdc\xbb\xccI\xba\x9d\xb3\xb0\xe6\x8d\nT\xa7\xb4\xdalc\xb8L\xee\'B\xaf6k\x99L\x9a\x95s\xb8\x80\x03[\x03+\xa6\xd7\xb5\xfd\xefD\xc60fs\x8b\x18\x08c\x81\x02\xe0e\x12s\x12y\x18\xf1Zs{\x14}\x0ei-\xed\xd1\n\x9e\xcdf(\xb2\x9bi\x87\x10\xe2\xf2\xd7\x89`\xb4\x01#\x9a*\xf8n\xa6)\x86\xe5m0{\x02,\xcd@\xef\x1f\x05/\x0b\\\x86\x9c\x84\xb0\xbe\xd3&gt;\xf7j\xd1\x1aX$TxuB]\x95\xcf&amp;Zt\xd24\x81\xc8\x9f\x05\x9d\xdf\r\x17k\xdc\xd9\n\xbe\x1c\xe7\xcc\x05\x89;\xf7\xb5\x80\xfa\xeb*\x1e\xdf\xc5ut\x1e\xfb\x12\x0bH\x02\xc0\xc9\x02\x0b\x82\xb1d\x1c\xb7&amp;^\xe9\x8b\xdc\xb5\xc2`o\xb8\x9f\x04\xb7\xe0\x85p\xcaY\x0b\xf3\xda\x1c%\xb6\'\xb4\xe1\xbbu\xb9$kr\xb2\xcb\xa6Tl\xdcI\xad\x87eB\x03$\x19-&gt;\xe8\x04\xb4\x91\xc6on\n?H\xb6s\xaaR{)73\x9cY\xa1\xca\x0bF\xa6\x0f(W\xd8\xad\x96)\x11C#\x18&gt;\x8b[\xbaI\x98\x1c-\xea\x9e\xc0\xb2\x99vj\xe4\x962\xf1\x17}\xc8k#pZR\xac\x96\xba#W\x02\x83eQs(\xb6\x9b\xceW\xb1\xb0\xfb\xcd\xc3t\x93\xaf\x87\x15"\xb5+\xb4\xccKKn\'L\xb7\xe5\xc2\x14\xed\xa3\x87`\xac]L\x13\xf4[re\xa4\x83\x9btk\x1e\n6&amp;\x9bA\x111\x95\xc7Y \x1e&gt; \x95\x97+w\xeaj+\xe1D7S\x0ep"\xd9^\x1b&amp;\x01\x9f\xaa\xe3\xac\x10L\x15#\xa8 \x0c\xa4\x08s\x8e]\xf7\x88h\xdd\xf1\xb1U}$\xd9Uk\xf5M\xa6\xe0\xe2\xd9\x12]\x96w\x827\x12/u|\xd0,\xe6\xfd\x16\x88\xd3q\x89$\xf1\x85\xb6\xbe\x14\xef\xb3)\xbbj\xba(\xd9\x8d\x0e\xc4\xd4\xc3\xb5\xa73i\x8c\xa7\xe8fl\x93m`\xe7\x01K\x82\x01\r\xb4\x81sp!\xd1\x03\x88\xd5N\xa5\xd1\xf6\x80\xec_V\xe6\xb9\xe5\xc4\xd4s\xa2Zb\xd9gI\x88\xb6\x81$\x89\x0e\r 8\x00\x1a\xd3\xa5\x8c\xd8\xf0\x89I\xb8\xdf\xc2f7\xe4\x84I\xcd\x19f.5\xedvH\x8eW\xbalQ$\x89&amp;\xe1\xdc \x12\xd2/\xc6\xf1\nyh\x10\xd3\x13\x10O ?\xeb\xe6\x93\xd4\x99t\x8bL\t\xe1\x16\x1ek)\x9a\xa2\x13G9:\xc9\xdeCE\xf8\x0e\x08\xde/\xefX\x19\x8d7\x10\x1b\xcf_D\xf1`\x0e\r\x11\xee\x88g\x1b\x90\xe9&gt;I/\xa0bt\x00\x88\x1fJ\x04\xc4\xf22\xad\x81\x82\x1b\x00\xc4\x004\x99\x9d7o\x9f\xc5\x13)j&amp;\xc4\xc8\xfb \xc8\x03\xbf[%\xd0\xa5\xa0\x99&amp;u\x11\x17\xe1\xcaQ\x9aD\x81q\xcb\xbf\x97\x81\xf5@F\xa8`\xb5\xa7\xe9:\xd1\xdelyH\xf4I\xa8\xd2w\xe8\xe0&lt;\x8c\x98\xe5\xa8F0\xe0\x978hG\x8c\xb4\xc8&gt;sd\xf5Z.\x93\xee\xef-\xd69x\x9bYh1\x8a\x8d\x90o\xa9\x11\xe1x \xee\xe2\x995\x08\x82\x06\xa4\x8eq\xc68\xfb\xc9\xfc\x90A\x8e\x04^f`\x1e\xe8\x94\xc1\xdc#]\xe3\x99\x06;\xc8\x0bH\xc3(zJ\xe1\x91\x80\\\x07X\xf2 \xc8\xe5uH\x02\xbd\xe9(wV\xc9\x11\xdb6\xe1#\x7f\xf2T@s_WK\xf2\xcf\x9d\xa8\xfd\xe5V\xd1\xa0_X\x00@\x90\xdb\x93\x10\x91\xb66a\xc3\xd4\xea\xcb\xc3\xbb-t\x89\x02\x1c\'z\xd3\xec\xec\x15\'\xd3\xc59\xcdk\xaa7\x0e\xe7\xb6n[\x1a8nQ\xfaQ\xb3\xc1xvc"\x85\x0b@\xfaM1\xf0]\x9d#\x9cS\x94\x92FS9K\x15J\xdf\xec\x8e\x8d\xd2e*5X\xe0\xf7T\xa4\xc7\xbd\xaf\x03\xb1\x9b{Li2\xb3\xbd#\xd9DT\xac\xf0X\x1a\xc7\xb1\x99@7.`t\xb6\x04F\xa9t\xacW4R\x8cA\xe0\x9c\x18\xa2\xb4\x1b\x1b\xa3t\xdc)&gt;\xa9s\x85P\xec\x81\xa46r\x983\xbcA\x95C\x89\xc0&lt;A\x02C\x9e\xf6\xb4\x0e\xd3\xbb\x0e\x8d"Sr\x1bX\x93\x8a\x9d@=\xe0"\x15[\xf5@\xee0\x99\xcbx\x8b\xa34x\xdb\xfa\xe2\x96J$6\xa0\xe2\xef0Q\x9b\xe8\xef1\xf9(\x8eloE\xe2\x9c\x0eK\x1c=g\xb0\xcbr\xcf\x19\xbe\x9c\xd4\xe6m\xfcM\xbbN1\xdcww\xaa O\x14b\xa1JE\xb6ii\xf4\xb6\xa0=\xa1=\xe2\x14\xaa]0\x1b\xdb\xea\xb2C\x10\xe4b\xbc\xee\x07\xc1M\xa8nf\xe6\x97Jh\xef\x91\xde\xa5\xd2\xdbtO\xd3\x1e6\\\xeb\xacn\xf6\x8d\x11\x1c\x9c\xc7\x8c\xfcSaw\x1d&gt;\x9e9\xa7\xddp\xf3\n\x87\x1d\x8d\xf9^\'\xe4\x95\x00\xea\xd8\xe2\xec\xc0\x90\xe3\x0c\xd2n5&lt;7,\x88:\xc3\xf5\xe4\xa7\x9d\xb3\x8a\xea\x9bC\xafq\xa4\xc3-d\xd8\x1e:N\xf56\x8d\xc5\x8e\xd8\xe8\xfd,=3Q\x8ey9\x9a\x06h\x81:\xe8\x15B[\xf1\xf5^2=\xc4\xb7[\x90n4D\x02\x85\t\x15]\x13\x80!P[\xc9B\x9d\x0bn\xb4\x1a\xc5\xa4h\xc6xvE\xd5S\xda\xe8\x07\x94\x81\xcb\x8a\xd0t\xa3-&lt;UL\xc6!\x94\x87|\xd2i\xb2\xa6\xc1=\xafk-\xee\xc0\xbe\xbao\\\x99\xde7C\xf8Z\xf0\xd0\x08\xd6u\xe2.\x9e5D\x83\xac\xc1\xf0Q\xf15\x1b\x94\x92E\xbf4\xc6\x0e\xa3r\xc8 \xc97\x9fE/\xc0\xab\xe4u\xef\xeck\xf4\x8f\x94\x94\xa7\xd6 4\xc8\'\x87.\x08\xa98\x98\x80 \x83\xe5&gt;\xaa7PH\x1cH\xb7w\x02\xaf\x80XV\xa6\x1e\xd9\x8e`qH\xa3:\x1bn\xee\x9b$u\xc5\x80\x03\xc0\x7f4\x97\xbeE\x85\x89\x1d\xfa\xea\xaa25\xf2rZ\xe6H\x90g\xbc\r\xc9b\x89\xed8\x81\x94\x81\xe8.Q:\xaeW\x12F\xeb\x0f\x87\xc0\xa3\xc0\xd5\x99\x1b\x85\xe3\xf0K\x0f\xa0\x83\x1bQ\xa0\x91\x04:\x01\xdf\t\r\xc6\xb8\x02A\xf7O~\xf8O\x16\xc3\x89\xdc\x04\xc7\x82i\xc1\xb2D{\xc3w\x15@\xef\xf6\x8b\xaf`@\x8e\xfb\x89\t\xc1\xb4[!\xae\x05\xa7\xccy\x85\x15\xac\x10\\\xdb\x9d\xe3\xee\x88\x03\xba\xc9\xb0e\xb1\xf4\x80"\xdc\xd5\xb3,\x9f_\x14\xc1\xab\xda&lt;T:\x9b^\x90\xfaS\xdc\tT\xf8\xd0{\'\xbf\xd2\x14e\xb4a\x96\xd5v\xfbw1\xc7\xbc\x80\xa3\xd4\xdb\xd575\xa3\xcc\xaa\xe7\x04E\xa8\t.\xda\x95\xcf\xd3\x81\xc8\x00\xa2\xba\xa3\x9d\xef9\xc7\xbc\x94\xa0.\x12Y\xa0\xee\x1f\x05\x00\x80\xc1\xc1(\x04\xa2\x11\x80\x80H\x08\xe1(\x04\x08@&amp;\x10K\x01\x00\x10\x08!\x14%\x92\x88\x14\x01\x10\x8c\x84Y\xc2\x06\xa0@\x1c"H5BO\xca\x02\x01\xe2\x12^-\xe2&gt;!1\xf2\x84\x83Zf7A\xf2?\xcd\x01.Q\x17(\x86\xb2OXU!/25\x07;\xb8\xfa \x80\xf4\x0b1\x04\x18q\xcc\\`\x08\x90\x1a$\xc9 Y\xd7\x8f\x04\x9c\x1bIs\x87e\xcd\x89\xd4\xfb\xe2\xe4)M\xad\x0c\x978Y\xa0\x98\xdcE\xff\x00\x18\xf1M\xd5\x0c\x19\xcc\xb9\xdaX\x0b\x91#3c\x99\x13+\xf3\xb6}\xa4\x86\xdff\xbb,@l\x9b\x90N\xb9\x83o\xc2O\x82\x14\xa6FQ\x9bH.\xee\x92\xe3\x1a\x981\xff\x00D\xe5JD\x19\x03\xdd\x07\xb5\xacf$X\x03\xc0\x1fT\xba\x91\x1a\xc3Cd\x00L\x9d\xc4_~\xf4(\x99\x04H&amp;3\x02A\xfa\xa4\x02D\x0e\xe4\xae\xb9\xb9\\\xec\xbaC\x9a]\xa6\xa6\x00\xe2L\x7f\xa9G\xa3O6^`o\xd3(7\'\x8cE\x8a\x96*:;A\xb0lM\xa4\x1dg\x901t\xb0\xd1\x0e\xb4vIp\x06N\x93\x12@\xe2cQ\n6\xcd\xe8\xd5\x1a/5\x9b\xd6\xb5\xdd\xb0\xe9=\x92\x1c\xe0I\x06,\x01\xb2\xb1\xce\xc3#.q"[\x06t\xbc\x0e\xff\x00%g\x8b\xc69\xf4\xfa\xb0\x0b\x04\x88,\xe5\xefH\xdf\xe1\xc5n\x12\xa4\xfe\xa7&lt;\x8b\x98\xf1\xd1W\x98\x82$C[\x1d\x9d\xe0\xe6\x82N\xe2\xdb\xbb\xc98(&lt;\x88s\x9c`&lt;\x17\x00\xd1\xa89Do\xb8\xf3\tX\xa6\x93\xae\xe0d\x9dH\x0e\x8bG|\xa7*5\xa0\x02lu\x91\xbe\xce\xbd\xfdJ\xe7|\x9adj\x01\xa4\x1c\xd6\x1e\xe9\xdc\x016\x0ei\xee\x1e\xa9\xca\xf4\x04\xb4\xe8\xe0I\x91\xc0\xb6\x08\x1c\xa2\xde*C\x01 \x8e\xcc\x116\xb8\x88\x00\xc7\x14\xd1\xd5\xac$\x97hL\xc9\xe2\x01\xb6\x84|\x15\xb0d:C\x83\xaf\xf2\x9aG\x0e\xca\xa1\x8d\x01\xcf\xc9`\xd9\xa8\x1a\\D\xef\x07\xc9i\xa9\xb5\xacp\xc8\xf71\xa08^\x00\x05\xd0\\A\x02O\xbe&lt;\xd5\xae\x03\x0c\xdc\x93U\xe0&gt;\xe0\x06\x9d\xe0\x1c\xd2\x0e\xb6U\xcf\xae\x1d%\xc0\x16\xba\x03d\\\xe9$\xc6\x80@&gt;K\xb4\xe7\xf0\xc5z\x1c\xa0\xad\xb2/U\x9e\xa6`\xf0\xfa\x80\x02\\t Hn\x9a\xd8\x11\xdeS-\xc1D\xbc\x10\xd19C`\x16\x91\x07\xb4f\xe3\x7f\x92\xb0\xa3N\xcf\xd0\x80A\x04\x18\xb9\xb1\t5\t\x90,\x1b\xda\x00\r\xf1\xb8\x8d\xc2 \xf9\xaeW\xc9\xde\xa8\x85\x8bd\x10\xdfzD\xb4\x00\\\x0eQ2Lz*\xccn\xd2\x0c\xc5S\xc3\xb8\x12\\\xd9\x0e\x00\x19\x0f\x05\xc0\x1b\xf1i\xb6\xe5\xa5\xa2"\x01\xec\xeb\xa6\xf1\xa0\x9e\x06D\xc7%\x10l:u\xaa|\xa0\xd2{\xeaS\r\x19\xc3\x88h{$\xfb\xbb\xdb\x06&lt;\x96\xf1S|\xaf\x07&lt;\x8d\xa5\xc0\xfe\xceu&amp;8\xf5\xb4\xcb\x89\xca\xd6\xc3l\xd0\xe13\x1c\x85\xbcT64\xd8e\x1b\xe5\xb0b&amp;`\xcf\xa2z\xb8\xceZK\x80/\'M\t\xb1\x03\xc8\'\x9a\xd9\x19\xa5\xd9\x84\xd8\xd8\x9831\xcag\xb9gs\xaa\xf45\xb6\x9d\x8c?\x14\xf3\x14\xde\xec\xcc\x80/\xba4\xee\xd4\xdf\xb9D\x14\x04\x96\xb9\xa5\xb0&amp;\xf7\x11&amp;3y\xe8\xacif1&amp;\xe7\xde\x8f\xa5#\xb3\x96t\x12\x83)\x10\xe8 \x99\x00\xc9\x83$\x01-$w\x1b\xa5\xd9*\x88\x05\x92@q\x97E\xa3~\xf2\x0f\x1f\xc94\xe8\xca\t3\xeb\xbe`z\xddZ\xd5\xc37\xb2F\xeb\xb5\xc3R\x00 \x8f\x88*\'\xc8Y\x00e"\xfd\xa0\x0e\xe3\xf4c\x7f\x1b%\x84Du)s\xe2-\xca\xe4\x9d\xc4\x8d\xc15N\x8ci|\xfb\x8f\x11\x02\xc7\x82\x99V\x85&gt;\xd1.t\xbbQ\xf4\x9c\xd0#,\x8f\x0f$\x1f\xb3\xa7#f\x01\x92 ]\xa0F\x93\xcc\x0b*\xca\x8a\xea\x98\x7fu\xd2LhG\xd2p\x06G\x9cy"\xafI\xa0jx\x9b\xcc\x19\x8b\x8e\x13\n\xc1\xf4e\xa2\tu\xe0\x80\xdb\x89\xde\xef\xc4\x84\xd1\xa1S\xb2lZ5\x07PH\x068\x1b\xc2X\xa2\xbe!\xc6L\xef\xb0\xb4H\xdd\xbb7\xe0S\xb5\x1b\x16\x83\x13\x98\x96\x81\xa4\x9dgu\xcf\x92\x98\xfa.. \x0f\x85\xe0\xdc\x9e\xf8\xdc\x94\xeaN\xb9\x1f\x01pA\xb1\xe4x+dh\xae{\x00:\xd8\xc1\x9e\x13\x07)Q\x1fJ\x05\xe0\xc9$\x1dm?\x18\x1e\x8a\xd6\xb5\x03\r%\x9a\xf6N\xe8:\xdb\x94oLWh\x107\x13\x00A\xb1$G\xac\xfa-\xa6a\xa3\'\xd2\xcaDSi\xdd\xd6\x08\xee\xcb\x1f\x81Y\xb0\x16\xa3\xa5\xc4\x1aL\x8f\xf1\x0c\xf9\x19\x8eVY\xb09/\xb1\xa3\xf9\x7f\x93\xe6j\x7fy}\xb3\xf0\xdf\xdd1.\x81\'\x0e`\xcf\x16\xe8\xa3t\x83\x0e3A\x884h\xc9\x9b\xc8a&gt;J&amp;7hUfV1\xf0\xde\xa9\x92\xd8\x04\x19\x06fT&lt;F\xd2\xaa\xf1\xdb\xca\xeb\x01v\xee\x16\x02\xc7E\xdat\xe2\xd1\x8cRq\x9ce\xe1\x1bm\x95K\xfb\xad\x17\x0b\x16\xe1h\x90LX\xb9\xd0O\x8f5\x1bf=\xce~9\x9b\xc3\x1c\xfb\x91$\xb6\x04\x8e\x0b5C\xa58\x9al\x14\xdb\x90\xb00S\x00\x8f\xa0\xdb\x81:\xf8\xa5\xe0\xfacR\x9f]4X\xee\xb9\xa5\xae&amp;d\x07\x081},\xb0\xe3\xc7f\xa3:\x97(\xb0\xd9d\x1ax\x10\xe7X6\xb4\x812\x07X.\x08\xfe\xae\xa4\xf4w\x04\xc7b\x03\x9a\x0ejx\x91\x92\xe6\x03\\\xc9|\xf1$\xddQ\xe0zF\xdab\x814\xdd\xf3y\x83KH\x06\'\xd3U7a\xf4\xb2\x95\x1a\x8e{\xf3\xc3\xaa\x8a\x84\x01&amp;2\xc4w\xca\xe6\xe1+=\x0b,=\x9bF;h\t\xadT\x13\xfa\xca\x97\xfd\xa2\xad\xb6\x7fF\xf1X\x8a}m:m\xc8t%\xd0`o\x00\xeeU\x98\xdaY\xeaT{\\\xd8s\xdc\xe0\t\x83\x05\xc4\xdf\xc1lz/\xd2\xb6\xe1\xf0\xe2\x8dF9\xc4[\xb3\x94\x825\x1b\xd7]\xac\xf2\xda1\xf8\xec\x1b\xa9;%I\x07S\x11\xa1\xd0\xeb\xbdA![\xf4\x87\x18\xecEwT\x0cp\x10\x1a\xd1\x1b\x87\x18Ua\x86t&gt;J\xd7\x04\xbeD\x81\xcd\x02\x14\xf1\x84\xaa\xf6\xcbi\xb9\xcd\xd0\x90\xc2b#x\xde\xa2\xd4\xc38{\xd29\x10G\x85\xd2\xd1hh\x84\x11\x84\xe5\x0c#\x9e\th\x16\xe7\x7f\x04m.Y\x90\xb08\\\xefk&amp;&amp;o\xc2\x04\xefV\x18\xed\x8a\xd6S\x0f\x05\xc4\x97E\xf2\xc7}\x90\xd98wR\xab\x9d\xe3\xdd\x11\xa4\x83\x98F\xa1O\xdb\x18\xb7\xb9\xac\xa7\x94e\xf7\xa7|\xf8\x9d\x17\x19O\x9e\x19\xd6\x11M\x19\xaa\xb8r\xdb\xce\xf8M\x85`\xea\x05\xd2\xdb\x8b\xcd\xda\x7f\x05^\xe1\x069\xae\x90\x95\x92Q\xa6I\xc1\x12]\xe0\xa7\x05\x07g\xfb\xc7\xb9X\x05_dA\xb4%T\x16\xf1\x1f\x10\x8d\xa1\x1dOw\xcb\xe2\xb2S\xa7t\xd6\x93_\x8e\xafL\x8f\xa3H\xf3\x1f4\xc0#\x9a\xac\xd8\xd8|\r\x01\x9b\x11\x87\xc4\xd7}\xe4\xb2\xb6V\xc7\x10\xc0[\xbb\x89*\x7fL\x1d8\xfa\xae\x07V\xd2\x81\xc7\xe6i\xaa\x1cEgO\x0f\x82\xe3)W\'h\xc6\xd5\x1d\x17c\xed\xdd\x84\xc2\xd20\xc2\x91p\x10\xea\x94s\x93\xde\xe1\x9a\xfd\xea\xd9\xf4v\x16(\xe5\x9c.w\r\x1a\xe1I\xfe@\x82\x17+\xa7O0c\x89\x82\xd9\x81\xc4\xcc\xca\xaf\xc7Q\x0e\xac\x0c4\x86\x86\x9b\xf1\x1c\x16\x94\xc9\xec\xfe\xa7bw\xb3\x1c\x13\x9b4*\xd6\xa67e\xa8*4~\xf8$\xf9\xaaj\xbe\xcak0\x01K\x16\xd7\x81\xba\xa5&lt;\xa4\xf0\x19\x98\x7f\x05\x84\xc3V\xca\xee\xcc\xd3\x00\x18s\\\xe6\xbb6\xbb\x8e\xe5eO\xa4\x98\xda@\nx\xca\xa2\xf3\x0f"\xa03x9\xc10\xae\xe8\xf9&amp;\xd9xd\xed\xa5\xd0-\xa6\xd0"\x8d:\xb1?\xa3\xaa&gt;\x0f\xca\xa8\xf1\xdb/\x15K(\xa9\x85\xc44\x12/\xd5\xb9\xc0s%\xb3\x03\x9a\xd4a=\xa3c\xda\xfc\xa7\xa9\xa8 \x1e\xd3\x082@:\xb5\xc3\xe0\xa7\xec\x9fk\xafqp\xab\x83\xf7m4\xaa\x87M\xe2a\xc0G\x99D\xa3\xd9.G65\xe9\xf5\x90\\."\xe7x\'\xe0\x9f\xa7D\x00H#6\xb6\xe4\xba\x9f\xff\x00\xae6mw\x9f\x94Q7k@\xeb(\xb6\xa0\x17|\xdd\xb9\x8al\xec\xee\x8fbGe\xd4\x18I\x8e\xcdGPt\x9d\xd1-\xf8+\xb7\xd0n\xf59nbA\x93\xc6\xfc\x92^o-\x9e\x1eAu\x1a\xde\xc9\xb0\xafi\xf9&gt;.\xb3\x7fj\x9dV\x8f\xf4\xcf\xaa\xa9\xc7\xfb+\xc66\r\x1cE\x1a\x90t{]L\x91\x11\xa8\xcc\x13k\x1b\x91\x82\xc2T"e)\xd5#N#E}\x8f\xe8N\xd3\xa4\xd2\x0e\x13\xac\x00kI\xecp\x9e@\x90\xefE\x9e\xc6a\xebP\x00V\xa1Z\x8f\x12\xean\x00q\x97D\x0f5\x05\xd9\x0b\x18\xfb\x8f\x18Q\xcc&amp;v\x96\xd0\xa6\\\xd8pu\xb8\xa8n\xc7\xb7\xfa+h\xc3\xec\xb0q\t\x10\x15y\xc7\xa4\x1ci\xdc\xa9\x0b6\xea;\xff\x00\x10\x92\x1da\xe0\xabY\x89$\xb4s\x03\xd4$u\xc6bP\x16e\xc1\x13\xab\x05V^x\xa2\xcd\xcd\x01f\xfc@I8\xb0\xab\xe1\x18\x08\tg\x14\x92qJ&lt;#h@:k\x9eH\x8dG&amp;\xc0\xbar\x10\x04\\RR\xa1\x08@%\x08J(\x00\x80 R\x9al{\xbf\x10\x92\x8d\xa6\xc7\xbb\xf1\x08\x04\xa0\x82\x05\x002 \x86c\xc1\x04\x07\xa2\xab`\xc1\x06\xe2\xdb\xb4\x93hq:\xc1\x94\xa3N\x03\x00\x16\r\x82\xeb\x98\x02D\x89\xd6JP\xa6\x1aZ\xd3\xef\x06\x0e\xd1\xf7\xa4\x18\x81\xbbv\xe4\xfb\xe9\xc3I&amp;\xd9A\x90}\xd2fu\xd7\xf9\xaf\xcd\xd9\xf6\xec\x8dO\n\xd6\x8b8\xb73`\x81rr\x83{\xcf4\x97\xd6%\x99\x83\xb2\x9c\xd6\x9d-\x16w\t\x93\xa2\x92h\x8c\xc0\xcf\xba\x1c\x04\xeb\x0em\xe6\xdb\xa4 \xc7\x177)\x8c\xa2 D\xe8\xe8\x19\xb9\xd8\xa5\x90\x8dR\x99-sA\x00\xe6\x0e\x81\xa3d\xc1;\xb7qB\x85 \xdc\xcf\xcd\x9c\xb8\x01\xf6xDn\x02\xc7\x9cJ\x90\xf6\xb6\xa0s"Z\xefx\xe9r\'MM\xcf\xa2u\x94@\xec\x9fw@\xdb\\\x0b\x13o\x01\xdc\x96h\x8c\xd6\xb8\x19h\x12\xd2\xd6\x9e\xe9\x0e\x90\xde\x17\xde\x8e\x93\x81\x04\x9e\xcfh\xb8:H\x05\xc5\xd1\xden\x05\xbf$X\xaa\xada\xca\\\x03\xcb\x88h\xd3=\x89\x81\xcb,\x89&lt;\x11\xe1\xda]H:@p\xfa&amp;\xf9H\x82\x08\xfbB5\xe6\x84}Xo\xaf\x19Ztu\xb8\xcb\xa36\xfdt\x1d\xe9xjG1k\xa1\xd9\x81\xb0\x11\x97\x80o\xd9\x91\xea\x94\xeaBZ\x00\xb8\x00\x99\x19\x880o\xcady%S\xaa7\x83\x9a\x06\x84\x02\xef\xcf\x9cqS\xc9&lt;\x0cQ\xac\x1d&amp;\x1by\x17\x11\xc4\x19\x07H#\xc6T\x96\x03\xae\x8e\xdclI3\xef\x1d\xc5&amp;\xad\x13\r\xde\t\x04\x8b\xc9 H\x8e\x1c\xe5!\xd4;n-\xd4\x92\x01\xe2\xe2\xd9\x98\x1b\xb7Z4T\x9c\r\x8aE\xd7\xcb\x0e$\x92g\xb2s\x18\x00\x03\xa0\xd6\xdd\xe9b\xae@A D\xf6F\xa1\xb6\x88\xe7-A\xd4\x84\x87&gt;3\x08\x1a\xdb7!\xa5\xac\x96\xf61\xc3.bnw\xcc\x91c1\xbaBYR\xa1\x97\xb5\x9a\xc19\x88\x99\x80\x00\x83\x07\xbaG\x99GI\x90s\x00 \xcc@\x9b\x8e\xcc\x92.\x0c\x08N\x9ac+E\x83@\x02466\xd3\xbb\xd5\x11`\x07+\x1al\xec\xa4LD\xdd\xd046(["\xd5\xa6s@\x07@f\xf739Gt)M\xc5\xbd\xac\xea\xc3\x9b\x94\x83\r\x89\x90bc}\xa6\xde(\xa9\xb0\xe66&gt;\xfc\x81\xc0\x90&amp;\t\xdd\x10\x99\xc2Sm\xdc\xd9s\x9b\x99\xa0\x9d5\xb8\x1c\x81\t\xba\xba\r)*a1\xb9\xe5\xa08\x83\xe0c\xeb5\xdb\x93\xcd\xa4\r\xda\x05\x84\x836-0 \x8d\xe2\xda\xa0A\xd6H\x8b\xf0.\x11:\xee2~(\xdbl\xb2/\xac\x802\x81hd\xeb7\x98V\xc4\x84R\xa4\x03\x8e`=\xd9\xb8\xb4L[\x8e\x89TE\xc0\x1d\x9b\x91\x04z\xf3\xee\xdc\x90\xcaE\xc0\xc8we\xd6\x12@6\x04\x18\xde.\x9e\xac\xf7f\x17\xb6Y\x90A\xb8\x17\x04q\xb0&gt;*"1\xa3O\xb4\x18$\x83y\xbd\xa6\xe3\xc6b\xdc!6j\x10\x06\xa4\x89\x04\xb6\xdaD\x0eG\x8fr\x92\xd7\x02r\xc9\x93v\xda\r\xe0\xcfzo(\x9c\xa5\xd0\xe05\x03q\x93$\xe9\xaa\xa4#Vk\xb2\xc1\x90F\x8f\x8d\xf9\xa7\xbf(\xb2&lt;N\xf0\xd8\x9eC^\xcc\xc0\xde&amp;\xf7Ou\xb2\xe1O,\xdby\x9d.4\xd3D\x97\xbaI\x06\xd1\x98\x83\x1d\x9b\\\x0b\x19\xd0\x95,\xd5p4\xd1\x96$\xf6L@\xfaQ\xac\x9f\x0f\x89GN`\xc3d\t\x87j\xe9\x90A\x8e:\x0f\x04\xe5v\xc9\x89\xe6\xeb\xee\xd3\xc8\x14\xdd2\t\xca\xd0dI7\xb0\xcbc\'\x9f\xfc\xa1j\xc5\x11*\xd3\xedL\x1c\xc4X\xe9.\xb8p\x04o\xdf\xe0\x8e\xa5=\xed\x00\x00L\x8f\xb5\xcf\xf0\xe6\xa6\xd2n\xf3\x1a\x88\x03\x99\x030\x9d#2*\x94\xc1\x17\xf1\x9b\t\xbcL*\x89"\x03\xe8\xc8\x91wky\xd2\xf3$\xeb\xaaN&amp;\x90\x82\xd28\x03&lt;,C\xbb\xad\na!\xcd\x06Ah\xb1\x07\x8cn\xe5c\x07zk\x11Nb\x0e\x84\x12ng~\x9f\xbd+I\x9c\xda1=8\xa7\x14i\x9d&amp;\xa96\xdf\xd9;\xfd\x16H4-\x9fN\x9b\x14i\x019z\xd3\x97|\x8c\xb1&lt;\xb4\xd1c\xc3W\xdb\xd1|\xa5\xfc\x9f3U\xf3\x06\xb1\xd7p\xfb\x8d\xfcTg\x84\xee&lt;\xf6\xff\x00e\xbf\x02\x98q]\xa5\xd9\xca=\r=\xa9\x97\xd3R\xd3N\x0b&amp;\x86\x9c\xde\xcb?k\xe2\x90Z!=Z\xc1\x83\xef|R\x1c\xab\xec\x8b\xa2;\xd8\x98}&gt;Jl&amp;\xde\xd5\n"\xb3..}\xd6\xfc\x12Ip\xfaG\xcd=WQ\xf7Z\x9bpZo\x93+\xa0\xa9ck3\xdc\xaa\xe6\xf7\x18\xba\x9d\xb3qU1\x15YN\xb3\xdc\xf6\x8c\xce\x13\xa8\x80t*\xbc\xb1O\xe8\xd3\x7f\xbc\xb7\xeeT\xfe\x02\xb2\xdb\xa6i%h\xb0v\xc2\xc3\xba\xe1\xd5\x1b~H\xa9l\x86\xd3\xbb*\x97\t\x92\xd2 \x9e\x17Tt\xab\xd7\x98\x0fu\x8bG\x1f{E\'\x07\xb5\xab\n\x99]\xda\x82DE\xd7\t\xa9\xd3\xe6\xce\xbb\xa1\xe8Z\xd3\xc3\xd5\xbcA\x04\rL_Y\xb0\xe1\x1eI\x18\xac%G\x11\xd8\x1d\x91\x1e\xf0\xf4Q\xf1\xdbZ\xa5*\x8ekCH\x04q7p\x9dBI\xe9+\xc1!\xd4\xc5\xb9\x90\xb3\x18\xcfoB.\x15\xd8\x19\x84\xac\xd3=[\xfc\xc1\xf8\x15O_\x07P\x12M7\t$\xe8x\xab\xe6\xf4\x84o\xa4\xeb\t\xb1\x1aq\xba[zEH\xea\x1e;\xfb\xf9\x15\xb8\xb9G\x9a,\x94e\xe4\xa0\xc04\x87\x99\x04[z\xb1j\x99\x8a\xc7\xd3\xaa\xc3\x90\x93\x04L\x88\xd7\xfe\x8a \x0b\xaa\x93|\xb4si/!\x84u\x05\x90\x08&lt;\xdb\xfa\xe2\x8c\x87@\xdb\xf5\x8b\xb1\x0f-\xbb\x8e_\x01\xd52\xea\x01\x17\x04\x99\xe7\xce\x14\xfcY\xf9\xe7w4\x7f\xa1\xaa\xbblT,\xa4\xe70\xc1\x0ei\x9f\x15\xc0\xee\x87\x89\xb1\x8d\x7f5\x1e\xa33=\xa1\xc3x\xe4|\x13\xd4`\xd1\x15\x80\x83\x96ct\xcd\xc9F\xc3\x99\xa1\xdb\xf34_q\x90\x0c!z\x1b\xa2,N\x82M\xf5\xb0%G}\t66 \x15!\x94\xc9yk\x85\xb5\x8e\x7f\xcfTX\x9a\x81\x80\x17Z]\x92\xc2\xc2t\x9f$\xa4\xc7\xd8Pt\x00?\xab*\xea`\xb70\x03Swq\xccM\x8a\x9fQ\xb7\x19\xc4I\xb73\x13\x016\xeayC\xa7\x93\xe3|4\xe8V\x89\xe0lT\xca\xd2\x05\xe2#\x92`3\xac\x0e\x04\x0b\x96\x92x\x81;\xbc\x93\xe0\xe6\x924-\xb7\x13t@\xc0\x8d-\xfd\x15\x12\xe6\xc9\xe0\x82\xeayq\x19\xd8r\x00\xddZKL\x9e\x11\x1a+\xdc\x1fJ1\xcdl\xb3\x17]\xb0t.\x0f\x19G\x10\xf0B\xa9\xadNI$h\xd2m\xc8"~\x99w\x91?\xcc\xadY\x19\xab\xc1\xfbP\xdaL\x89u\n\xc34v\xa9\x96\x92/\xa9a\x17\xf0V\xd8\x0fm\x0f\xce\xeau\xf0C\xb3\xab\xa9\xd4\xd7\xf6^?\x15\xcf(\x00\xd1&lt;uQ*S\xbb\xb4\x83\x12w\xad):#\x8a:\xae3\xda\x0e\xc3\xaf\x1f,\xc2e.\x165p\xec}\xb8\x870\xb8\xaa\xecv\x03\xa2u[\x9cUm/\xf2\xddY\xa4~\xc1\x07\xe0\xb9?Hu\xa67\x00\x7f\r\x15H\x03\x82\xda|\x1c\x9a\xe4\xdd\xedM\x8f\xb0\x04\x8a\x1bO\x13\xcah\x1a\x83\xcf+\x16.\xa8hq\rqsA9\\FRD\xd8\x96\xfd\x1fT\xd4\xa3\x94\x03\xb4}\xe6\xfd\xe6\xfcB#\xa9\xef(a\xcfm\x9f}\xbf\xc4\x12\\n{\xcf\xc5\x00\xa9A"Q\x82\x80P(\xc2A#\x8a#Pq@&lt;\x10Mf\xef&gt;\x07\xf0@0\x9f\xa2\xe3\xe0P\x0f4\xdc\'\x1c\xe1\xc4(\xbdS\xbe\xaf\xa8\x1f\x8a6\xd1&lt;\xbc\xc7\xe0\x80|\xd5o\x14\x83XsM\x8a&lt;\xc7\x1dI\xd3]\x02Q\xc3\xeb\xda\x1a\x1d\xc7vo\xff\x00\x12\x80W\xca\x06\x90R\x0e#\x92pP\x02\xf2w\xe8\x06\xe0\xee\'\xec\x95\'\t\xb3\xfa\xca\x8d\xa6\\\xee\xd3\x80\x9bZ\xe4N\x9c\x90\x10z\xf3\xc0%2\xa1\x87if\xf0\xfbA9J\x93se"{,3\x98\xfd\'4n\xfb\xc9u)\x80\xc2\xe0\xd1\xf4x\x9d@\'\x7f$\x043T\x8dJGY\xcf\xd5[\xb6\x83f2\xb7\xde\x8fti\xd6\xb9\xbb\xc7\x00\x93\x80\x05\xcci\x8dsL\x08\xd1\xf4\xe3N\xf2\x84*\xe7\x9f\xc5\x04\xee)\xf5C\xdc\x06x\x0e&lt;x\xa0\x85=2h\x90\x18\xd6\x0b8\xc1\'u\x88\x8e2"g\x9a\x15k\x08\x0e3\x99\xa6D\x88\x93:G\xa1\x07\x8a\xf3\xc3\xfam\xb4\x0e\xb8\xba\x87\xbc\x8dx\xe9c\xcdJ\xa3\xed\x17i\xb7\xfe\xf4\xe3\xde\xcag\xe2\xd5\xf2\xbf\xd3\xe7\xea\xbf\xc9\xef\xf7\xc8\xfa3\xbe\xd5\xa2\xe1\x90\xbb\xb3\x05\xc4\xc5\xdaw\x929X\xa6p\xf3\x0evaxt\x0e\xccM\xfb\x8c\xc9\\B\x8f\xb4\xed\xa4\xd1\x06\xb3]\xad\xddM\x84\xde\xc7ru\xde\xd4\xb1\xe7^\xa4\xf1\x9aB\xf1\xc6\n\xcb\xd0e\xfa\x1aZ\xc8y;\xa9\x99i\x10\x1a\\`D\x1d\tA\xcc&amp;D\x8b\xf1\xf7\x80\xde\x0f\x02\xb8\x8d?kX\xe0 \xb6\x83\xb5\xb9c\xa6\xfd\xce\x8fE${a\xc5\x13.\xa1@\xe9\xa6q\x1aO\xd2\xd0\xac\xfb\x8e_\xa1}\xef\x19\xd7\x1e\xc6\xbc\xe6d7\x83\xc0\xbc\x82 \x12t:\x851\xb4\x8c\xbc5\xe1\xb6\x16\x89n\xa73\x80\x1e;\xf7\xae8=\xb0V\xcd?$\xa2\x01\xf7\x80.\x19\x8d\x86bx\xc0\x85&gt;\x97\xb6\x81\x96\x1d\x82\x04\xcc\x98\xa9\x1d\xd1\xd9Q\xe8\xb3/\x01\xea`\xfc\x9dO\xa9\x96\xb9\xa5\xd0L\x06\x98\xd6\x04\xc8 \xf9"x\x92\xd3h6\x88\xberA\x06{\x9b\xea\xb9\xb3=\xb4R%\xb9\xb0\xb5\x00\x02\x0bZ\xf6\xc1\xbe\xb2[ \x8f\xc4\xad\x8fDzR\xcc}\'\xe2)\xd2u0\xda\x9dY\x0evc\xee\x87f\x11\xc9\xd0\xb9\xcfM\x92\x0bt\x97\x05\x86h\xc9\xd2e\xcd:f\xc6\xed\xc8\x1d\x19d\x02\xd1\x1d\x97[K.[\x87\xf6\xab[S\x85\xa6}\xec\xa5\xb5\x1c5\xd4\xc1\x17\xfek\xa9\xd4\xa4\\\xd0\x18\xe0\xe1\x0e\x90u\x8c\xa6\x07\x98\x8f\x15\xe6\xfa"\xdb\xb5:i\xae\xeeK\xd1\xa1\xc3\x0c\x8a[\x95\x9c\xf5\x19\x1cj\x8e\x87O\xdah\xb1v\n\xf9\x81\xb5A\x1eDX\xf3S\x19\xedF\x8c\x9f\xeeu@$\x93\x0e\xa7rF\xa6\xf7\xde\xa8\xba%\xd0\x1a\xb8\xfa\x0e\xafO\x13N\x98mGS-s\x1c\xeb\xb44\xcc\x83\xf6\x95\xab\xbd\x90b\xf7b\xb0\xe7\xf6^\x17\xa6X4\xc9\xd7\xff\x00N\x0b6g\xc9d\xcfj\x18B!\xd41\x02\xe2Am7\x0bj}\xe4\xe3}\xa4`cJ\xec\xbc\x9f\x9b\xbe\x9c\xa7u\xa7\x92\xa4\x7f\xb2\\~\xea\xd8c\xfbO\x1f\xf2\xa6]\xec\xafin8c\xddU\xdf\x8b\x16}\xdbL\xfc\xff\x00\x93K&gt;Tj\x9b\xed\x0bg\x98\x02\xab\xdb\xcc\xd2}\xac4\x90\xa5\xb7\xa6\xfb:\xc4bZ\x0f\x02\xc767\x92m\xcb\xd5a\x8f\xb2\xfd\xa6&gt;\x85\x03\xdd[\xf3\t\xa7\xfb7\xda\x83\xfe\xee\xc3\xddU\x9f\x89Y\xf7L\x1f\xdd\xff\x00\x05\xf7\x9c\x9e\x86\xe3\x13\xd2\xec\x0b\xceF\xe2\xa8\x8c\xd2s\x97\xe5-\xb4\x88\x0e\x173\xf1Vx}\xb7\x82sX\xe1\x8b\xc3\xc8\xd7\xe7Ys\x04I\x13\xaa\xe0\xbd1\xe8\xf6\'\tU\x8d\xc4\xd2\xea\xcb\xd9-\xed5\xc0\x80H7i;\xd5\x08\xa6\xb4\xb4\x18\xda\xb4\xd8z\xb9uG\xa7\x99\x8b\xa6}\xca\xd4\x8b\xb5\xb5F\x9b\x1ey\xb9z\xa9%\xc0\xb5\xc5\xc4E\xae\x08 w\xe57\x17\xdc\xbc\xb0i\x81u\xad&gt;\xcd\xf1\xb0\xdc\xbdC\xaa9\x8d\xa8(\xb6\xbd1X5\xe2Zr8\x830V\x7f\xd3\x97\x89\x7f\x81\xef\x8f\xca;\xeb\xf0\xe4\x98:\x10\x01\xee\x82I\xb6\x93\xa4\xdbD\xdb\x1a\xeftS&amp;\xc7X\xdc\xde\xcd\xb47\x0b\x81l\x9e\x88m:\xc0\x9a-p!\xce\xa6X\xecE:o\x0fi\x82\xc3M\xef\x0e\xf4NmM\x95\xb5\xb0l\x15*\xbe\xb3\x1b\x9b\xab\x05\x98\x96\xbe\x1cl[\x95\x8f&amp;\xfd\xcb/\xf4\xef\xfc\x8d{\xe7\xd0\xef\x82L\x12\xd8\x8d\xdb\xc0-\x98&lt;\xef\xb9 \x82!\xa0@\x9du\xb0i\x12\x0f~_5\xc4\xb1t\xb6\xf6\x16\x97_Q\xd8\xbat\xda\x01.53e\x06\x00.l\x92\xd1\xa6\xa1V\x7f\xfa\xebi\r1\x95\x0f~S\xf1\x0b?\xe9\xd3\xf0\xd1\xaf|^\x87}\x14\xfd\xd2\x1cH\x03R&amp;\x0c\xc9?\xd7\x04M\xa6\xe3\x98Ka\xc4\x96\xc7\xd5$v\x8f\x19\\\x19\x9e\xd1\xf6\x98\x80q9\x87:t\xcf\xfc\xab\xa7\xfb4\xe9\x06\'\x1d\x86\xabR\xbb\x83\x9c\xca\xa1\xad-kYl\xad7\x03]I\\\xb2\xe9\'\x8e;\x9bGLz\x98\xcd\xedF\x92\xb3@sC\x87\xbe\xe2\x07\x13\xa9\xca\x93Q\x84\xeaH!\xc3t\x1e1\x1d\xd6A\xb8p^\xe7\x832\x01\x92w\x8b\x82\xd1\xa6S\'\x9d\xd4\xba\x94\xdcI\x07(\xd7-\xe4LX\x9b\\\x9e\x1c\x97\x98\xf42=V\x87\x08\x06sDq\x19o\x11\xc3\x8fz\x86\xe2D@\x1a\xb8\x19\x17\x00\x11n_\xf4SrA\xcc&gt;\xc9\xb1\xd6H\x0e0t*5pFPo&amp;I\x80$\xc8tGp\x12y\xaa\x99\x96c:t\x0fQH\xc47\xac\x1a\x8e\xd4\xe53+ \xd0\xb6]?\xa2z\xaad\x99\x9a\xb7\xbe\x92\xd3\xa2\xc7\x80\xbe\xee\x87\xe5/\xbb&gt;N\xab\xe6~\n\xfd\xa2~s\xf6Z\x9aiK\xda\x8e\x8a\x9f\xb2\x13\x19\xd7yvr\x8fC\xe1$\x84\xdbj#.Y47\x8b\xd1\x9f\xb5\xf1\t\rNb\xcd\x99\xfb\x7f\x10\x9a\x0eZ}\x99]\x0b\xca\x90\xe6\xa3\x0e@\xb9d\xd0\xce\'\xde\x1fu\xbf\x8aH\x1b\xd2\xf1C\xb4&gt;\xe3~\t\x01\xca\xcb\xb2.\x80Z\xac\xba2\xdf\xef,\xfb\xb5?\xe1\x95_\x99Y\xf4d\xff\x00yo\xdd\xa9\xff\x00\x0c\xac\xbe\x99\xa5\xda(\xe9c 8\x8f{\xb1\x1d\xed%\x0c&gt;g9\xd5$\x07H7\xd0\x92n\xa1\x80\x9f\xa7V\x08\xe1i\x1f\x92\xb5\xc1,\x9d\x8exas\x08#\xb4\xd7\xdc\xc9\'\x91\x1b\xb5Pk\xbc9\xe5\xdcI\xf8#\xc6W\xce\xec\xd2N\xe1\x9a&amp;7h\x95\xb3^\x05@]\x11}D\x8d\x14\x8a\xa4\t?)\xec9\xe1\xa4\x82\xd1NI\xd0\xc7\xf2L\x97\xb0\xb9\x9c\x1b\xa8\xe3\x06c\xc5&amp;\x85af\x9d3N\x96\xd7^\xe4\xce-\xc0\xbd\xc4i%T\x0b,\x03FZ\xbfy\x9f\x17\'\xc2\x8b\xb2?GW\xefS\xff\x00\x99Jj\x85\xf4\x14\x10~\x88\xd1T\xd3\xfa\xe2\x11\x83\x7f\x8a\xae\x03\xde\x0f\xd6g3v0\x04\xd4\xb1\xe1\xecp\x07\\\xd3\xbc\x03r\xd5f\xed\x9dH\xbf;\xea\x10\\XH\xcc\xd0\x045\xb08\xee\n\xa1\xb4]\xd6\xbd\xd1\xd9&amp;\xb0o1p?\x05\xe6\x8c\x93\xe0\xf5m\xf20\x18\xe1E\xaci\xec\xfd\x13\xc6\xfa9\x08u:m\x05\xb1\xda\xcd\'\x8c\xc8\x1c\x94\xdaL4\xe9\xf6\xbe\x88\x06\x06\xa4\xcd\x80\xe6\x97B\xbev8&lt;\\\x99\x8e[\xbcUj\xc9c4\x9b\x98\x9a\x97\xb8\x02\x14m\xaf\x815\xa9\x10\xd8\x90ds-\xdd\xc9;\x8dw\xceD\x98!\x83\xca\x0c\xa6^\xe35\x85\xc0!\xce\x1c\xe5\xc0\x02&lt;\xd5\x1fQ\x18\xfa\xc3\xab`\xbc\x86\x89\xe4@\x02\x13\xaf\x00\x92\x0c\x19`\x8e\xf1%:\xe604Tp\x80\x00\x90w\x98\xb4\x8d\xe5\n\xf8&amp;\x92\x1e$vd\x01\xa6`,{\x91\xdf\x82}\xc6(\xd2\x80\xd9\xe0#\x96\xbe\x8a\x06\xcci\x8a\xe1\xff\x00A\xce \x9dD\xe6 wpS_\x8b!\xb9\xa3L\xb29\x99L\xd6fw&lt;if\x1e\xf0D\xddh\xc8\xd6\x18\x97\xb5\xa7y$O0\x0e\xa8\xb0\xac\xec\xdc\xfd"\x0ft\xe8\x96\xec\x13\x9a\x1b\x90\xcc;\xc8\x9d\xe8\x1a\xad\x03\xc6\xf1\xc6`\xfa\xaa\x88D\xa1W8y\xd3\xab%\xa4r\x13\x07\xbd\n\xb1\x19\x80&amp;@6\xe4t)N\xa4\x1b\xd6\x8az&lt;\xb4\x9eD\x89\xb7"\x9b\x922\xb0\x88\x96\xc4\xf8\xeb\xe0\x9683\xfbxEPI\x99h0&gt;\x8f\x00\xab\xb3\xab\x8d\xbfC5f73D0]\xce\x01\xb6*\x19\xd9\xe0k\x88\xa1\xe6\xe3\xf0b\xea\xba8\xbe\xc8\xac\xbf\xd2\x03\xcc\xfc\x02X\r\xde\xf2{\x9a\x7f\x14\xf1\xc3S\r\'\xafk\x88\x16\rc\xef\xcaH\x10\x9d\xc2`\x03\xda\x1cz\xf3;\x99G0\xfd\xec\xd7\xf2V\x89d|6N\xb1\x97y\xed7p\x1fHsH~Y6v\xa7x\xe2\xaep\xdb$fdS\xc5\x1e\xd3uc\x1b\xf4\x86\xe9(W\xd9-k\x9c\x1d\x87\xad\x98\x13!\xf5i\xd3\x83:\x10D\x84\xa1e,\x8f\xa9\xe6\xe2\x8b?\xd9o\xa9\xfcU\xc9\xc1\xd2n\xb4i\x0f\xbd\x8a\x1f\xf2\xc2\xae\xda\rhp\xca)\xb4F\x94\xdc\xe7\x89\xe6I\xd5(X\xc7]\x1fTx\x04_(?[\xc8);&gt;\xa3AvgRm\x84\x1a\x94\xcdO\xdd\x00\x18V#h7F\xe2\x1a\x0f\x06a[\xf8\xc2P\xb2\x98b8\xb8\xff\x00P\xa7l\x90OX\x00s\xbeb\xae\xa2~\x89Vt\xb157?\x18~\xe5\x06\xb4x]J\xd9\xe6\xab\x8b\xc9\xf9i\xf9\xaa\x9e\xf1\r\xfa;\xb9\xa5\x0b3\xb8&lt;;\xdc\xe2\xd6\xb1\xce \x99\x00\x12Gi\xba\x8d\xcas6Uh\x1f2\xe1\xdf\x03\x87\x12\x13X|&gt;j\x8f\x06\x9b\xdf\xdau\x8d@\xd7\x0e\xd3}\xe7\x1dT\xb6`Z\x00\xfe\xedH}\xfcG!\xc0\x85h\x96G;2\xaea!\xad\xec\xbf\xde\xa9Ln?i8\xec\x1c\x13\x99\xcc:\xd9\xaf\x04\xfe\xb7X\xdd\t\xc2\xc6\x83\xee`\xc5\x9d\xadG\xbbq\xfbjv\x07\x15F\x9dL\xd5\xa9a+S\x87\x03M\xaf\xabH\xcfn\xf9\xe9\xb4\x9b\x00m\xa2Ql\xae\xa9M\xb7?{\xd7\xadV;)\xad\xeb\xe9X{\xe3\xe2\xe2\xac*t\x93\x0c\xc0\xe3K\x01\xb3\xc4\x07\x18\xaa\xdcF$\x98\xeb\x0cf\xa8Z\x05\xdawoS6OI\xdakSo\xc8vu7\x17\x80\x0b0w\x17u\xc3\x8d]`pR\x85\x98\xfc=Zy\xf5o\xbbK\x87\xd7\xa6\x8e\xbe%\x99 \x11\xab4\xbf\xd1\'wr\xd6a\xbaw\x89.\xca\xd2\xdfu\x86\x1b\x82\xc3\x81\xda,\x10,Lv\x91b\xfai\xb42K*\xe2X;6\xa3J\x8d!q7\xc9O\xf1J\x16Q\xd2qs\xc0hs\x89}\x83ZI?&lt;\xed\x00\x12T\xbc\x0e\xc3\xc6do\xf7&lt;O\xd2\xfdMO\xadL\x8d\xdc\x8f\x92\xb0\xaf\xd2\xbd\xa3\xd6\x06\xfc\xaf\x14\x06v\x8c\x8ex\x0e3Y\xcd"CDX(\xb8}\xa5\x8b-\x05\xce\xc4\xc9\xcd3\x8c\xab\xb9\xd4\xc6\xe7\x8f\xacR\x85\x95x\x9e\x8ec\x8b\xdcF\x07\x15\x05\xc6&gt;e\xfaOr\tX\x9d\xb3\x8e\x0fp\x15*@q\x03\xfb\xe5]\'\xfc\xe4\x12\x81\xae\xc3\xfb+\xc2&lt;\xb7\xe7q\r\x11.\x13L\x96\x10.\xd2b3i\xe6\x16u\xbd\x05\xa6\xea\xb8\x80\xc7W}*U\x856\xb9\xadiq\x05\x81\xd2G\x18=\xcb\xbc\x83Tv\x8bC\xc9\xcb\xbe \x9fz\xdc\x04\x08\xfb\xcb\'\xd0\xd6\xb8\xe2v\x8b\xbe\x8f\xcaGdO\xbci71\x07\x85\xf4_":\x9c\xbbd\xdb\xe8\xfa\x0f\x14\x1b\\\x1c\xef\x17\xec\xea\x9b\x0f\xbd\x8a\x89\x1f\xa9\x0e!\xb7\x92Z\x0e\xb2\n\xb2\xff\x00\xf6y\xa5\xa5\xc3\x19l\xb3\x06\x94:bb\'\xbb\xd5tLV u\xb5\x1c\xdc\xe0\x87@\x82E\xa2\xfa\xe8\xac0/.a\x87\xe6\x05\x8e\x92bt7\n\xbdFd\x93\xb3OO\x8e\xae\x8e\x07\xb3:\x10*\xd2\xa5Q\xd5\xcb:\xc6g\x11E\xef\x03\xb4\xe0A-\xde2\xca\x9f\xb3}\x99\x1cC\x9e\xdaX\xb6\x1c\x80\x12]J\xa3,\xed\x0c\x1e\xe5\xd1z\x12\xd7\r\x8f\x86{\x1e\xf0\xf6\xb5\xc4\x1bE\xdeAd\x1d\xd0\xa5\xb2\xb1s\xda\xe7=\xc4o\xd3I\x98\x804\xde\x995\xb9#&amp;\xac\xe7\x1c8\xdaV\x8eW\xb7}\x98b0\xcd\xa6\xe7V\xa4\xee\xb2\xab)\x003\x0c\xa5\xf3\x04\xc8\xd2\xca\x11\xe8\x1dO\xfe\xa7\x0e\x08\'6b\xf6\x86\xc4\xearF\xefU\xd8:~\x07W\x86-\x00\xce2\x83\xaf\xbe\xf0\x16\xac\xb34\xfc\xdbu\x131\x1d\xe28-{\xeeE\x04\xfe\xe3\xd8B\xd9\xe7\xbc\'\xb3&lt;eY\xea\xaaa\xeae\xd46\xad\xf5\x89\xbbE\x97D\xf6U\xb2\x9f\x85\xc3b(\xd6\x1d\xb6b\x80!\x84;Z,;\xb9-\xfb^\xd9\r\x804\x97\x01\x00\xc9\x80\x04[4\xeeT}\x1aq\xeb\xb6\x8c\x06\xb36"\xed\xde?\xbb\xd2\x8b\xfa\xf8\xaeS\xd4O,\x1ce\xf4\xff\x00\x92\xc7\x1a\x84\x93E\xb5\x06\xb7)sI0\x0cim\xc6\'R.W\x9b0\xed\xec\xc6\xba\xfcW\xa70\xb4\xc3\x87t\xc7\x16\xbb\x98^e\xa5\xbf\xbd\xdf\x12\xbb~\x9d\xd4\x8ez\xa7l\xea\xfe\xc7\xb6k*`\xab\x17\x17\xf6q.\x02\x1d\x16\xea\xa9\x9d\xdc\xc9[\x8f\xecF\x7f\x89X~\xdf\xf2YOa\xff\x00\xec8\x8f\xfcQ\xff\x00\x83It\x1c\xaag\xf9\x8cc\xfd\xa5A\xd8\xa3uj\xdf\xbc?$_\xd8\xe7\xff\x00\xa8\xad\xe6?%q\x95\x11j\xe5gB\x9f\xfb&amp;\xa0\xd3\x15W\xc9\xa5\x1bv]i\x00b\xdf\xe2\xd6\xab|\xa8\xd8\xdb\x8e\xf4\xb2\x1em\xf6\x95\xb5+\xd6\xc6\xd4\xa5Y\xc1\xe3\x0c\xe7\xd2a\x03/d&lt;\x99&lt;J\xcc\xb5\xabA\xd3\xc6\xff\x00\xdax\xdf\xf3\xdf\xf1T\xa0/\xaf\x0e"\x8f\x13\xec\x8dZ\x9fd\xae\x9d\xed\x0f\x01\xb3\xbe\\\xe7\xe2q\x95\x83\xba\xaa\x11F\x8e\x1e\\\x00\xa2\xd8\x02\xab\x9c\x1aI\xd7\x94\xaeqU\x84\x83\x1b\xd5\xe7Lv\xc5&lt;^(W\xa6\x1c\x07SE\x8e\x0f\x80s\xb1\x81\xae\xd3u\x96\x88YQ\xda\xe3\x1b\xb70\xd8\x96\xd34\xc3\xf1\x18p\xd0\xe3\x99\xd9i\x96\xb49\xe7{\x88h\x95\x02\x96=\x98M\xae\xecK\x9b,\xa5\x8d\xa8\xe2&gt;\xc8\xaa\xe1a\xc4j;\x94=\x81\x8cm\x0cV\x1a\xbb\xa7%*\xcc{\xa0I\xca\xd7\x02`o*n\x0flS\xa7\xb4\x1f\x8c4\xba\xea.\xadY\xc6\x9b\x80\x19\xe9\xd5/\x1b\xec\x1d\x0f\x04s\n\x02\xcf\x15\xb21,\xad\x88\xda\x18\x1cM,[\x0fX\xea\x8e\xa6\xfc\xf5E\x1a\xb2\x1c+\xd0\x7fkG_X\x80w,GV"\xdc\x16\xefa?f`1-\xc7R\xc6\xd4\xae\x1a\x1f\xd5\xe1\x85\x076\xa9\xcfM\xcc\x0c\xac\xf2C g\xb9\x1a\xc2\xc3\xb1\x90\xd8*\x82+Z\xba\xf7\xb1\x93\xfd\xca\xb8\xcd\x1f\xde7\x8bNFE\xfb\xd7#\xa4\xdb.\xb9\xech\x1f\x92\xd7\xecK\rr\x1cu\xfd[,D\xccw/&amp;\xb7\xe4\xbf\xe3\xfeOF\x97\xe6#wI\xd9\\A Gk(\x16\x1d\xa1\x9a7\xf6\x8a\x93V\xa1o\x10\xd0s\x1c\xb1\xa4\x9dw\xc4p\xe0\x90\x03\xa4\xc3{\xed\x00\xc1\x83\x17\x9d\xc9\xf75\xf7&lt;7\xc6\xba\xfar_\x10\xfa\x8ci\xf5\x1a\x0e\xb60I\x1a\x8d\x08\x07\x95\x947\x974L\xcec \xc5\xef\xba\xfc\x82\x99Y\x86\x1aKD\x9e\xc9\x06g\x89"7D\xa8\xd8\x87F\xe3\x04\xc1\x9d\x1b$\x00O+\xf98-#,\xc7\xfbBg\xcc\xb0\x8d\ri\x02x0\x83\xf0\x0b\x14\x16\xc7\xa7\x95&amp;\x85;\x11\xf3\xa6dD\xf6M\xfb\xec\xb1\xe1}\xed\x0f\xc9_v|\x9d_\xcc\xfc\x15\xdbM\x8c5;E\xf3\x95\xbe\xe8\x11\xbf\x8a\x89\xd4S\xfa\xf5\x07\xec\xb7\xf3S6\x8be\xff\x00\xb2\xd4\xc1\x0b\xd1\'\xc9\xc5.\x06\xba\xb6\x0f\xd6\x1f\x16~E\x07\x06\x10GZ?q\xc8\xde%2\xeajZ\xf45O\xd4v\xb5\x01\x92\x98\x15[`\xe8\'5\xef\xdc\x98\xf91\xff\x00\x12\x99\xf1?\x92x\xb0dg\xed|Q\x16\xaa\xda\xbe\x88\x93\xf5\x1bm\x03\xf5\xa9\x9f\xdb\xfc\xd0\xabE\xe4vKg\xef7DOhL\xd4\xa6\xb3\xc1y\x1f\xc6a\xde\\\x08l\xf6Z5n\xa0w\xa6M\n\xbfP\xfa\'q\x14\x84\xb6\xdfA\x9f\x04\xdb\xa9\x05\xa7VE\xd0\x05\'\xfdGy+&gt;\x8b5\xdf*l\xb4\x81\x92\xa4X\xff\x00\x86U9oz\xb7\xe8\x81?+m\xc9\xecT\xd4\xff\x00\xbb+\x12\xaaf\xa3v\x8c\xfd6\x0e0\x83\x84\'(S\xf7O\x9aMC$\x95\xb9.\x0c\xae\xc98-\x98\xfa\xac/\x0e\xa6\xd6\x87\x06\xf6\xdd\x96\\D\xc0\xe3d\x1d\xb1\xeb\n\x82\x99h\x04\x8c\xc0\x977+\x80\xde\x1d0U\x86\x0fgT\xab\x83\xcbM\xb9\x8f^K\xae\x00\x11L\x0b\x92y\x94\xc6\xd3\xa4)a\xd9A\xcfk\xea\x07\xb9\xe44\x87\x064\xb4\x0c\xa4\x8d\xe4\xde\x16\r\x08wG\xab\x80\x0c2\xe0\x91\xf3\x8c\xb8\x161~J6\x17eV\xa8\xd2\xe60\x96\x83\x13 _\x80\x93s\xdc\xa4m1\xf3\x18_\xb9S\xd2\xa1\xbasj\xd3s\xa8\xe1\xea0\x13M\xb4\xf2\x98\xfa/\x0e%\xe4\xf0&amp;\xc6y \x13\xb2\x98E:\xc0\x88!\xd4\xc1\x1c\x0c\xbeB|)\x1b\n\x9b\xb1"\xbc\xb8\x07\x13H\x93\x1a\xc6k\xf7\xab\x0f\xec\x0e\x15\'M\xd1\xaa\xe6\xe7\x18\xb7gE\t4\xa8\xa9\x08\x9f\xa7\xf5\xc4+\xacF\xc0,k\x9f\x9eCD\x98\xfc\x15\x0b+5\xc0\xc4\xee\xd5U%%\xc1\x1c\\_&amp;\xe7i\xd3i\xaa\xf2u\xcc\xdf\xf84\xd1\xe2\x08\rh\x93\x9aA\x1c\x93\xa4\x13V\xb3bD\xb6\x7f\xf4\x98\xa0\xfc\x92Cw\xe6\xd0\x8d\xc7\x81\xe4\xb8\xb5h\xee\xa4\\a^\\\xcc\xce\x83\xa0\x8e7\x89&lt;\xd3?%\x01\xf323\x0b~\x12\x9bn\x1d\xec`\x87LH7\x8dQRs\xdds\xba\xc3\xc3C\xe2\x8b\xd1\x93\xea\x82\xc4\xd5%\xad$h\xe3\x1ef\xfe\x88\xb1\x18\x82\x03\x1e`\x98\x8e\xf1\xbd.\x98i\x01\xbd\xa3\xac\x13\xc6u\xf5*\x1b\xe8\x93\x17\xbcZ\xf6 \xf0\xe6\x8e\xcd&amp;\x8b\n\xd4s\x80c[\xb6w\x98\xdf\xc1G\xa0KD\xbc\x18\x90"~\xb5\x8aq\xd5K\x1a3\t\x00\x0f\xe7t\x8a\x82D\xd8\x03\x06\xfc\x8c\x8f\x15\xa3\x0f\xd0\x8a\xdam\x970\xb4\x90f&lt;4\xf2\x94\xaank\x84\x8f|X\xce\xb2\x04\x03\xdc\x8e\xa8!\xc5\xcd:\x83\xe0\xa2\xe0\x89iy#\x80\x94Wa\xae\x03\xc2\xb8\xb0\x96\\\xdeI&lt;u7L\xba\x85\xde\xcc\xe3\xb5v\x9ew*l:\xa1!\x8d.$\x1bA\'B\x0e\xe4o\xd8\xf8\x80C\xba\x97@m\xfb.\x81\x03S\r\xd1h\xcad6S\x80^\x082\x04\x0em\x11\x1ei,ys2\xea\xe8#\x95\xf5Cg@\xcd/m\xcf\xda\xb1$\x93\xb9.\xa3\x1b6p\xd4\x19\x01\xc7z\xab\x94C9\x8b\x04Wdf\x9c\x9a5\x81\xce\xff\x00U\x8a\x92\xd7\xd5\x1f\xfd@\x1fv\x93\x13\x1bb\x95&gt;\xbb\xb7P\x0e\xce\x8ek\xe2\x0c\xc7\xbad&amp;Z0\xc3\xe9R\xff\x00\xd3\xa8~.]WG)v?\x8c/,t\x9cA\x10g5ve\xf1h\xd7\xb9E\xc2e\xea\xdb\x98\x02/\xefb2\r~\xa6\xe4\x9cK\xe9A\xc8i\xe9\xfe\x13\x81\x9eFH\x08`\x9f\x0c\x1a\x0f\xfc\x8c\xe7_\xacuB\x12(\xd3\xa6\x1e\xd2\xd1\x87i\x0e\x04\x1e\xba\xa1 \xc8\xbc\xb4\xea\x85lKK\xdc\xe7\xbb\x0c\xe7\x12Is\x85j\x8e\'\x89.\x99)Tj;3a\xcf=\xa1\xa6\x1d\xa3x\xe4\x8f\xae\xabx5\xfc)\xb0*\x06\x86"\x90\xfat\x07v\x1c\x9f\x88P\xf6\x85\\\xce\x076kj)\x8ac\xcb\x7fz\xb1/\xa9\xc7\x15\xe6\xd6\xaa\xed\xa1%\xc37Y1\xfa\xc7\x07\x1dwF\xe4\x03\x9b*\xab\x9a]\x94\xd6\x12?T\xd0\xe3\xe3:+)\xaau8\xdf\xde\rT\xf86\x02Og6\x9f\xac\x0c\x8efuO\xbe\x9b?\xc2g\x8d\x7f\xe6\x14\x04\xc7\xd1q\xd5\x98\x97}\xea\xed\x1f\x82\x7fe\xe0\xda:\xc9\xa1\x1f3W\xde\xae\x0f\xd1\xe5\x10\xabYI\x83\xe8a\xfcj\xb8\xf0\xfbJ~\xcb\xcb\xf3\x96\xc3\x8f\x98\xad\xa1q&gt;\xe9\xd5P@\xc2\xb0gp-\xa5\x19\x9dg\xbc\x86\x8e\xd3tpp\x959\x8dh\x8e\xce\x10i\xbd\xce\xdc9\xa88g\x00\xe3\xfa8\xcc\xe8\xcc\to\xbc\xdftj\xa6\xb2\xb0\x81\xdb\xa24\xd2\x99\xe5\xc9\x00\x0b\xc0p\x83\x85\xf7_\xa3\x1cw\x1f\xb2\x9f~"\'\xe7\xa96\xce\xf7h\xcf\xf8\xbc[\xcb\xe2\xa3T\xc4\xf6\x87\xce\xb4v_\xa5\x11\xc0\xf1\t\xe7b\xf5\xf9\xe3\xf4\xb4\xa6?\xde\xfeI`\x18\x9cge\xe3\xaf\x99\x0f\xb0\xa4\x006\xaf\xbfr\xb2\xe8\xfdh\xc4QoYP|\xef\xba\xd1oy\xfb\xe4*\xecN \x96\xb8u\xb5\r\x9fl\xa0\x03j\xfa\xde\xc1X\xf4}\xe4b(\x89\xa8&gt;tY\xbe\xef\xbe\xfeh\x088z\xa4\xbf\xdf\xc5\x1e\xc5.\xefz\x9f?\xea\nF&gt;\x94\xd3\x12\xccK\xae\xcd\xff\x00`\xf2(a\xcc\xd4\xbf\xca\x0fb\x8fq\xed\xd2H\xc7P\x06\x97\xb9T\xde\x9e\xf0&gt;\x81\xfb*\x02]J1P\x0c\x8e\x13Pv\\n\x7f\xbc?|$l\xfc8\x0co\xf7r=\xfdj}\xba=\xdf\xd0Ju8\xa8\x06W\x0f\x9c\x16&amp;\xff\x00\xed/\xe4\x13[2\x80\xea\xd9\xf3\'\xe9\xea\xef\xf7\x94y +q\xb8o\x9c\x7f\xf7v\xfb\xce\xfda\xe2~\xd2\t\xbcm\x0f\x9c\x7f\xcc\x8fy\xdfL\xf1&lt;\xd1 ;\xa5.\x8bm\x10{;V\xa8\x04\xdc\x9aT\xf8p=\xc5g\xba5\xb1q\xdd~?\xab\xdaN\xa6\xe6V\xca\xf3\xd4\xb5\xddc\xb2\x03\x9c\x83ah\x108.\x96\xec@cE\x9cb\x1b\x07|F\xfe+5\xd1\x9a\x84\xe26\x9e[\x7fzk\x81\x89\x11\xd50\xdb\x99\x1f\x15\xf0\xe1\x9eN2\xba\xe9x^\xa7\xd1x\xd5\xa2-M\x81\xb4\xcd\xff\x00\xb4\xdaNS\x04\xe1\x984\xbc8\x8f\x8ar\xa6\xc1\xda\xadi\xff\x00\xb4i\x19i!\xbf&amp;\x00\xd9\xa6\x00\xbf\xfd\x16\x9f;Ni$@\x04\x07\x08\x17\x92m\xe2\x02w\x10\x0eW\x02@.il\xf3\x83p\xb9\xac\xf2\xbek\xf0\x8d\xca\x1e\x8d\x9c\xe3\xa18M\xa6v}\x0e\xa7\x19A\xb4\x8be\xad},\xcecd\xea\xed\xea\xfe\x9e\xc8\xda\x82Cq\xb8\'\x12.\r\x031\xc4A\xe0\xa9z+\x85\x9d\x9f\x83p\x03\xf4d\x11\xb8\xfc\xe1\xb9\xe7u\xae\xd8tH\x93\x05\xb6\x99"\x04\x8dt\xdc\xb7\x973S\x92\xa5\xdf\xa29\xc66\x97fK\xa6\x18m\xad\x93\x0f\xd6b0\xaf\x8cU!L6\x9b\x9aK\xe7\xb0L\xd8\xb7\x88W\xcd\xc2\xed\xd0\t\x156xs\xaf\x19*\xc8\xd0\x12\x0c\xc5\x86\xe4\xae\x9a3\xb1\x85\x0e$\x83\x8c\xc3[\x8fl\xe9\xbe \x05u\x96\x98%\xa0E\xc8\xb8:\xcfz\xeb\x19n\x82\xb4\xbc\xf8\x0b\x15\xb6\xac\xa1\x7f\xf6\xe8\xd3\xfb4\xf2\r\xadb&lt;m}\xeaGBN ;\x1d\xf2\x97S\xeb\xbeT\xdc\xfd\\\x8a\x7f\xec\xf4\xe3,\xdc\xd8\x8dx-!\x80\x03o1\xbb\xbew\xf7*N\x8dv\xab\xed\x10\xe6\x91\xfd\xe1\xb1~\x18zq&lt;\xc8!q\xdfjJ\x97\xf1\xf7\x1bh\xd01\x92\x1c\xdc\xb1 \xf8Z\x04\xaf.P\xb0\xee$y\x12\x17\xa7\xe9\xbc\x10\xe0\xd1\xb8\x86\xc9\xb6\x96\xb8\xdde\xe5\xfaG]=\xe7i\xf7\x8a\xf5\xfe\x9d\xd4\xbf\x83\x86\xa0\xec\xfe\xc2\xff\x00\xd8\xf1?\xf8\x9f\xfe\x1ak\xa2\x80\xb9\xc7\xb0\x93\xfd\xd3\x14?\xfb\x91\xff\x00\t\x8b\xa4\x855\x1f1\x9a\xc5\xfbD\x90\x89,\xa2!q6&amp;\x10`\xb8FQ\xb7P\x80\xf3?O\x9b\xff\x00jc\x7f\xcfw\xe0\xa9C\x16\x8b\xa7\xa3\xfe\xd5\xc7\x7f\x9c~\x01Q\x86\xaf\xb1\x1f\xda\x8f\x0b\xece\xec\xb2\xd57h`\xa2f\x91\x00\x82\x19\xd4\x9c\xc2\x90h\xcdH\xba?H\\&amp;}Ve\xc9\x12\xa4\xa1\xbb\xc9S\xa3_\x87\xaf\xb3Z\xe6\tc\xd8^jU.\xa6s\xe4w\xbbE\x93\xf5\\\x05\xf8"5\xf0\x0e\xa9E\xd4\xfa\x81rj\x9a\x8d9\\\xc3\x98\x06\x91\x10\xda\x82$\x88\xde.\xb2A\x18+\x97\xbb\xab\xbd\xcc\xd6\xe3Z\xcf\xec\xd2\x0c\xf5A\xf2\xc0\xefx\xb4\x01F_R\x98\xd2K\xe29\xca\xc6\xb9\xb0\x13\xc9\x0f6\xf0]1\xe2\xd9\xe5\xbf\xb9\x96\xec\x85I\x9a.\xcb\xecH\x81\x83\xc4\xcb\x7f_ \xee\x91M\x91\xa6\xab\x8dP]\x8b\xd8\x95X\xc2\xe2\x00=\xa3^@\xe2\x056O\xc5q\xd6\xbf\xf6\x9f\xf0v\xd3\xab\xc8\x8d\xdb\xfd\xe9\x1316\xb4\xde\xf0\x9c\xa87\xb7K\xce\xf9"M\xfb\xb7sJ\xa7&amp;\xe4\x0b\x1b\rL\x9bH\xf3J|\x11\xac\x19\xbc\x88\x93}c\xbd|O\x07\xd4}\x8d&gt;\x9d\x84j"\x0b\x81\xb8\x13\xa9\xfd\xa2\x8b\x10\xeb8^\xda\xef\xb6\xa0\xf36\xd3\x92Q\xaa\x1c\xdc\xd22\x8b\x19\x91\xb8\xdf\x90\x9d\x13U\xc0$r \xc0\xd4\x80&amp;o\xa5\xc1\xf3U\x191~\xd0\x87\xf7z&amp;d\x1a\xb2\x0cqa\x99\xe6\xb0\xe0-\xaf\xb4 \r\nDDu\xa6 \x9b\x086#\x8d\x96,\x05\xf7\xb4\x1f%}\xd9\xf2\xb5_3\xf0V\xed7|\xe9\xfb\xa10\xe7%\xedC\xf3\xbf\xb2\xdf\xc54\xdb\xae\xf2\xec\xe5\x1e\x85&amp;\xc8N\xc2\x19VM\rU\xb3Y\xfb\x7f\x14\x97\x14x\xad\x19\xfb\x7f\x10\x92\xd5\xa7\xd9\x94\x02\x13o\t\xec\xa8\x88Y(\x8a\xc6\xed\xfb\x8c\xf8\x14\x87j\x8f\x13\xef\x0f\xb8\xdf\x81D\x02\xd3\xec\x8b\xa1\x0e\n\xd3\xa2C\xfb\xdb~\xe5_\xf8eW\x16\xab~\x887\xfb\xdb&gt;\xe5_\xf8NX\x97O\xecn=\xa37B\xc27\x9d\xe8&gt;\xed\x9d\xfa\x1eiXb,2\xdcjQ8\x92\xba\xb7\xc1\x84\xb9&amp;8\x7fr\x8e\x18\x93\xebK\xf9*\xec\xaae\x00\xe7S\xc9\x9e\x18\xe7\xc8i\xd0\xbc\rgu\x8aO\xc9\x0c\x88p \x82g\x93u\\w\x1b\xa1\xfd\xaa?\xbb\xe1\x0f\xd8\xa9\xff\x00\x14\xa4&lt;\xd5\xc2\xb9\xa5\x8f Tc^\x08\xf7\\\x1c&amp;\x08\xd0\xc1\xb2U\\=GS`/\x96\xb1\xa4\xb4\x11\x005\xc6u\xefRpx\xaa\xcccX\xc3M\xed\x99nvI\xa6H\xcd-\x9d4M\xc8Q\x7f\xb0\xa8\x81V\xb9\r\r\xce\xca5\x0bt\rs\xda\xe7\x10&lt;J\xb4\x1a\xff\x00\\U\x07C\x9e\xe7?\x10\xe7\xbb3\x8eBO\x19\xcc\xb4 \\y/&amp;w\xf1\x1e\xbc?\xb4\x7f\x13NiU\xfb\x87\xe0\xb9\xc6\x0b\xdd&gt;\x0b\xaaT\xa5\xf35?\xcb?\x02\xb9^\x13\xdd\xf0\x0b\xa6\x9f\xa6s\xcf\xda:&amp;\'\x18)\x1a\xaf \x9e\xd3E\x87\xfb\xa6jx([\x1fh\x87\xf6\x08\xbbo \x18#\xf0*\xcb\rPu\x95\x98Gd\x96\x9b\xe8f\x9b\x01l&amp;\xcd\x16\xd2nFC;D\x83\xdf\xa4\x95\xbe("UL\xc5\xa4\x16\xeb\x11\xceP~\x17%2N\xe93\xc0\xa4\x90I\xa2H\xed\x10K\xa2\xe2\xd6\x9e\xeb(\x9bR\xb3\xba\xd64\xbb\xb2\xdc\xa6;\xf5&gt;\x8b\x14\xae\xcb\xf4\x1c\xc3\xd6kh5\xee;\x8f\x8c\xa8\xdb6\xb8p\x03G6dr\xd2U\x9d\x17\xb0\x8e\xa4\x01\xa1&amp;\xd6\x89\xd0s\xba\x89\xf2qI\xb1O(t\x9f{S\xcaV\xac\r\xe2)\xb9\xe1\xa04\xcc\x9f\xeb\xb9\'\x11D\x82\xc1\xac\x91\xe3\x1c\x14\xa6\x07u\xc7\xee\x03\xad\xaf\n\x0e\n\xbb\xaaTy\xa9\x97\xb3\x19cF\x86\x93\xa7\x92\x89s`Ug\x86\xbd\xad\x1a\xc1\x9b\xe9&lt;R\xab8\x01\x97\xec\xa9\x03\x06\xca\xaf\x15H\x88\x89\x03}\xdd\xef(x\xda\xa6\x1d\xba\x1c\xd0#x?\xf4UwDk\x82\xef\xa1m-\xc4\x03q\xd8\x7f\xc0]nq\x1f\xa3t\x9dX\xfd\xfa\xf6\n\xc4tj\xbb\x8e\xd0e#\x19z\xaa\x87\xbc\xc0\x82\xb6\xf8\x9aA\xcc\xa9\xf7\x1e\x0f\xee\x95\xd6&lt;#\x9c\xbb8\xfb\x03E8\xdf\x96y\xf2M\x06\x90\x18.3\x11\xf9\xa5\xd3wa\x80\x08\x00\xb5\xbcdF\xbe\x89\'\x11\x9a\xb3\x9a\xeb\npm\xc6nO\x86\xe5\x9a4Q\xed\xf0[\x88l\x17OV4\x89\xdf\xbc\xa8\xe5\xcf\xe3[\xf7\x98\x12\xbaKI\xa2\xb82!\xcd\x0e\xedI\x89\xe4.\x07\x05\\\x0b\x7f\xdd\xfe\xeb\xd7Dq}\x92\xea\xbd\xf9L\x9a\xb1}j6&lt;D&amp;\xf0\xee9G\xbd\x1c\xaa\x86\x8dx&amp;s\x08\xb6O\x06;\xd0\xa3\xa6\xe1\x1fG\xc5\x84\x9f5HL\xc3\x9e\xdb{?I\xba\xd7\x07x\xe6\x9a\xa8\x04\x99\x0c\xd4\xebX\xf1\xefI\xc3\xd4\x19\xd9\xee\xfb\xcd\xfdY\xfa\xc3zK\xde$\xdcj\x7fV8\xf7 \x14\x18\xcf\xabK\xff\x00Q\xc51^&amp;\xc1\x82\xdfD\x92=S\x81\xff\x00k\xff\x00\xf9\x0f\xc9"\xa9\x93\xa9?\xb2\x1b\xe8\x10\x02\x81\x17\x9c\x9f\xb6\x0f\xa4\'\xb3\xb7\x8d\x0f\xdcqL\xd1y\x13r;\x9a\x1c\x9d\xeb\xdd\xf5\x9f\xfb\x8d\xfc\xd0\x0e2\xb3w:\x8f\x853\xc9M\xd95\x81\xeb;l\xff\x00g\xad\xa50&gt;\x89\xe4\xa0\xb2\xab\xbe\xb5O\xdd\x1c\xb9\xa9\xbb%\xe7\xe7.\xff\x00\xf6z\xda\x81\xf5O4\x04\\#\xe1\xc4\xe6\x8e\xd3\xaf\x96G\xbe\xdd\xdb\x94\xb6\xe2\r\xbeq\xdb\xb4\xa68\x05\x13\x0cL\x9b\xbb\xdeu\xc6\xbe\xf3T\x968\xc0\xbb\xf7|\x10\x07R\xb9\xcc&gt;r\xa7\xba\xfd\x1a8\x1ei\xd7V7\xedU\xfa[\xbf\xce\xe6\x98\xa8Naz\x9e\xeb\xf7\xf2)\xd7M\xff\x00I\xa3\xb7\xff\x00\x9c\x80V&amp;\xa1!\xc35Sg\xeb\xa6\x95\xf5\xba\xb4\xd8\'\xfb\xcd\x1f\x7f\xf4\xa3M=\xf7\xaa\xaa\xc0\xc3\xbd\xff\x00\xa5\xbe\xdf\xaf\xd6\xca\xcfa\x7f\xb4\xd0\xb1\xfd(\xd0\xdb\xdez\x02\xb3\n\xdf\x9c\xd2\xaf\xb9G\x7f\xdb\xa5\xc9\'\x1c\xcf\x9a\xf7j\x1b\xd3\xde&gt;\xa7\xddE\x86o\xce\xfb\xae\xf7(\xef\xfbt\x90\xc6\xb7\xe6\xbd\xd7kO\x7f\xd9\xee@N\xc9\xdb\xd0\xfe\x94Z\x7f\xfb\x97\xf2Q\xf6U!\xd5\xb3\xe6\xdd\xfa\xcf\xa5\xfe\xf2\x87% \xb7\xb6-\xfa\xd1o\xff\x00\xd9z\x8b\xb2Y\xf3l\xec\x1f\xd6o\xff\x00yC\x92\x02\xa7\x1dK\xe7\x1f\xf3G\xdfv\xf3\xf5\x8a\t\x9c|u\xb5;\x07\xdfv\xff\x00\xb4y \x80\xef\xe3e\xedg\x19\xfe\xd2\xc3\x1b\x08?\'\x91\x1c\x8e\x8a\x83``v\x99\xad\x8e\xcb\x8e\xa2\xd76\xb3ER\xeaR\x1e\xee\xa9\xa0\x11\xf5FX\x1e\x0bk\xd1\xfa\xcf---9@\xec\x98\x86\x89\xef\x1a\xa8}\x1cw\xf7\xad\xa4\xd1b\xecSDn\'\xa8\xa7&gt;e|E\x91\xad\xca\x97\x15\xe1z\x9fS.\x1d\x93Q\xbf\xf2G\xf9\x0e\xd7\x96\x81\xb40\xd7it\xfc\x9fp\xdco\xdc\x85}\x8f\xb6\r8;C\nA\x06[\xd4F\xbb\xc9\xfe\xb5ZwU\x00\xc4\x89q:\xcd\xe3+Op\xd7\xd15F\xa0\xc8\xf1\xf4\xa0\x83\xbf\xb5}H\xdf\xa2\xe5\xed\xdd\xf4\xbf\x08\xcf\xb2\xe2\xf99\xff\x00B0[T\xec\xda\x0e\xc3\xe2\xe82\x9c\x12\xd6:\x91s\x80\xcel\xe7-\x1b\xb6n\xd9u\xbe_\x86\x9bO\xf7r9\xeb)&gt;\xcc\xc4l\xec!.\xbeWE\xf4\x12\xebF\xfd\x16\x9c\xd5\x02\xe0\xe8E\xa6It\xfa-\xe5\xca\xd4\xe5\xc2\xef\xd0\x91\xc7\xf0\xa3\x9c\xf4\xcb\x07\xb4\xd9N\x83\xaac0\xee\x07\x15H\x82(\x96e|\xc3\x1cI\x9e\xcc\x8d\x15\xdd&lt;\x16\xd7\xcb#\x1d\x86\xcb\xf5\x85\x02s\x19\xdeg\xd5\x1fO\xc3\x88\xc2\xcb\xa5\x9f,\xa2K\x1a&amp;f\xdd\xa2l#XZ\xa6K\x03\x99\x05\xc0\x11\x19w\xce\x96\xd5Ye{\x17^|\r\x9d\xff\x00\xf4\xcb\xbbe\xed|\xcd?.\xc2\x92/\xfe\xcew\xb4\x8b\xdf\xbb\xcdH\xe8)\xac\xd7\xe3\x8dz\xac}o\x94\xb73\xda\xd2\x1ag\x0fJ2\xb7u\xad\xe0V\x8b#\x9c\x1c\xe0\xd9p\x8bZ&amp;\x06\x9b\xc5\x95\x0fG\x99\xfd\xebhX\xc1\xc46\x1c\r\xa7\xa8\xa5\xd8-\xee\x9b\xac,\x8eQj\x97\xe2\xbc\x8d\xa8\xbd\x14\x83CFP\x1b\xad\xac\x04\t-\x81\xac\xdf\x90\x95\xe6*Q{[3\xa0r\xccW\xa7\x98\xe2r\xf6\xac\x03\x81k\x80\xed@\x80G\x0e\xfd5^`\xa1\xa7\xed\x1f\xe2&lt;,\xbd\x9f\xa6\xf3\xbb\xf88j&lt;\x1d\x9b\xd8A\xfe\xeb\x8b\xff\x00\xc47\xfe\x13WJ\\\xcf\xd8(\x9c6/O\xd33\x7f\xfb\xb0\xbaa\x81\xab\x9b\xfb\xc3\xf3MB{\xd91\xb5\xb4\x08JA\xac\xcd\xefg\xef\xb7\xf3Iv.\x90\xd6\xad!\xff\x00\x98\xdf\xcdq\xda\xce\x9b\x90\xe9F\xd5\x11\xdbO\x0e5\xc4Q\xf1\xaa\xcf\xcd#\xfbg\x0b\xbf\x15\x87\xff\x00\xd5g\xe6\x9b%\xe87#\xcf\xde\xd0G\xfd\xab\x8d\xb7\xeb\x7f\xe4j\xa4\x85{\xd3\xda\x8d~\xd3\xc6=\x8ek\x9a\xea\x80\xb5\xcd \x8227B,w\xaaE\xf5\xe3\xd2&lt;o\xb2\xe7\xa18zU1\x99j\xb2\x93\xc7SX\xb1\xb5\x88\x14\xddT2i\x87\x12@\xd7\x9a\x9f\xd2m\x9dFp\r\xaa\xdc6\x16\xa5A_\xe5?%-sZ\xd6\x90i\x12\x03\xdc3\x11#]\xea\x8fbl\x81\x8a\xaci:\xa0\xa4\xc1N\xa5W\xbc\xb0\xd4\x86\xd2nc\x0c\x04IK\xda\x9b\x02\x9d&amp;\xe1\xaaa\xaa\x9cK1]`dQ4\xdd\x9a\x93\xc3KrI.\xd5R\x12\xb0{\x0b\x07S\xff\x00\xf2\rh\x04\xe6.nR\xd6\x00\t9N\xa6\xf09\xa6\xf1\x9b;\x00\x00}&lt;Y =\xad,0^\xe1\xd6C\x9f\r\x1d\x96\x96\\G\x0ep\xa0b66&amp;\x9bsT\xc3\xd4ok,\x16\xf6\xb3D\xc6Q}9$W\xd9u\xc1xv\x1e\xa8,nw\xcd3\xd9d\x03\x98\xf0\x10A@YS\xa7\xb3\xea\x18\xf9\xca#\xadx\x93W4\xd2\x0c9j\tn\xb9\xb7,\xe9\xd0\xff\x00R\xad\x8fFq9)\xbf+2\xd5hse\xe2`\xe5\xcb\x9b\x81%\xcd\x11\xcdB\xda\x98\n\x98w\xf5uCC\xbb^\xeb\xb3\tk\x8b\\\xd9\x1b\xc1i\x08\n\xeaB\xcb\xb1{\x15\x04\xe11 \x08=x\xbf\xfe[,\xb9\x056\xae\xbd\xec]\xc4a113\xd7\x8d\xdfa\x9b\xd7\x97]\xf2_\xf0w\xd3|\xc4n\x9e[ \x19\x05\xc6\x07\xda\x02Hkgz:\x92o1\x0e\xbc\x08\xd0\xcd\x84\xf0\xb4\xa6\x85"^\xe7f&amp;.\'F\x9dl8\x1c\xc6]\xc9I\xaa\xd7\x12d5\xa6\x0eY6\x9d\x04\x98\xdf\xc1|F\x8f\xa8\xdf"_\x0f\x10\x0e\xa4\x1d\xf22\xdf\xba8\x85\x16\xa3\x88\x82\x0c]\xdd\x9dt"\x1a|cD\xf9\x10f8\x11\x04\xe8ldn3\xc1G\xa8\x1c\x08\x19\xa7\x89\xdf \xcc\x908H\xef\x95Q\x0c\x8f\xb4"z\x9aD\xdb\xe7=\xdbX\x86\xdf\xe2\xb1\x0bi\xed\x02\x88\x14i\x19\x93\xd6\xdc\xc6\xf2\xd2\xe3\xae\x9a\xacb\xfb\xda\x0f\x92\xbe\xec\xf9:\xbf\x99\xf8*6\xa9\xf9\xdf\xd9\t\x869H\xda\xd8g\xba\xa6f\x81\x19F\xae\x03\xd0\x95\x14\xe1*}\x8f\xdfo\xe6\xbd2N\xce)\xf0:\x1e\x86t\xd8\xc3\xbfyg\xef\xb7\xf3Ju\x07A\x870\x1f\xbc\x16i\x9a\xb4\x160\xd9\x9f\xb7\xf1\t\xb0R\xeb\xe1\xdcYO\xb4\xc9\x19\xa4\xe6\x02d\x84\xc7\xc9\x9f\xf5\xe9\xfe\xff\x00\xf2Zi\x99M\x0f\x07\xd9\x0c\xc9\xb6\xd1#\xe9\xd3\xfd\xef\xe4\x85F[\xf4\x94\xc7\xed\x7f%\x9ae\xb4\x16+\xde\x1fq\xbf\x8aC\\\x97\x8b\xa5.\x11Q\x83\xb0\xddI\xe1\xdc\x9a\x14O\xf8\x8c\xf3?\x92\xd3N\xc8\x9a\xa1\xe0\xe5u\xd0\xd18\xb6}\xda\xbf\xf0\x9c\xa8\xd8\xc0?X\xcf_\xc9_t\x1e\x98\xf9s"\xa3]\xd8\xaba6\xf9\xa7_E\x89\xc7\xe1\x7fcq|\xa3\'A\xe6"R\xc2n\x89\xb2Z6\x07\xa9b\x0bt\x8ddM\xe0\xe8H\xf0K\xf9k\xe0\xb6\x1a\x01\xbcG\r\xc1G\x08\xc8X\xda\x8bc\xae\xc7&lt;\x88\xb4@\x00p\x03wrG\xcbH\x88\x00@\x8d\xf7\x11\x1e\x16M94\xe5TW\xa0\xb6k:\x17T\xb8\xd6\'\x851\xe03\x00\x16\xaa\x8b;Ad\xfa\x05\xado\xd8\xff\x00\x99mi\xd3\xb8\xef^=G\xeeg\xaf\n\xf8QbY\xf3\x15?\xca?\x05\xc8p\xbe\xe7\x80]\x95\xf4\xfeb\xa6\xef\x9bw\xc1q\x9c/\xbb\xe0\x17M7L\xc6\xa3\xb4tL;e\xf5\t\xd73\x7f\xe1\xb17\x8a\xa2K\x8e\xfer\x8e\x88\xcc\xea\x8d\x04\x8b\xb4\xb8\xf2\xea\xd9\x00s\xb1OU\xca\xd8q\xec6rv\x8f\x11\r\xf3[\x94S\xe1\x92.\x89\xb4FV\x016\x03__%\x13\x13M\xd9\xa5\xb0K\x80\x1c\xbf\xab\xa5\xf5\xee\x88#\xb3\x03\xb5\xcabOz7\x98px\xd09\xbf\xb5&amp;\x04)E\x1b\xc1\xb2\xcd\x8dd\xfa[\xf0M\xe2)9\xc4\xe8A\xdf)\xca\x17\xf9\xb6\xe8$\xe6\xdf\x1b\xc7~\xe4+\xb80\x02\xe8`\'-\xcc\xdf\xe8\xdf\x9c(\xe2\x99m\xa1\xdc\xc4\x00$p\x9e\xeb*\xeat\xdd\xbb.P|nT\xf7\x83=\xb0"`w\xc4\xc2e\xd4\xf2\xf0\x1a:/mbU\x02\xe9\xb4\xc1\x83\x16\xf3\x00\xb9De&lt;\xa5\xc7R\x7f\xa9\x1c\xd4\xdc#sK\x88\x12\xe0?d\x17;E_\xd6g.,2\x1aHt\xf2\x99\xb7\x82\x91\\\xd9$\xf8\xa2\xeb\xa2m\xfe\xfa\x08\xdfI\xf7\xe0\x00\x16\x0bsT|\xddO\xb8\xff\x00\xe1+\x15\xd0\xf0&gt;R\xd77CN\xa0\xf4\x0bl\xe1,\x7f\xdcx\xff\x00I]\x97G)vq\xec\x032\xb2O\x00{\xad\xfc\xd3Od\xbd\xe6\xc4\x12\'\x8d\xfe)\xcc%\\\xd4\xc9\x1a2\xcf\x1b\xfb:\xfc\x11\xd5\x10\x0b\x9a&amp;@p\xf06YH\xd1\x9b\xe99\x8a\xac\xd7\xdc\x1f\x1d\xc7z\xaa\xeb\xb9\xbb\xcc~J\xcf\xa5-\x8a\xad\xe2X\t\xf1\xe2\xaa\n\xea\xba8\xbe\xc7E[j\xef0\x83*[S\xe0R\x1a\x94\x15\x03\xd8z\x9d\xb6]\xde\xf3w\xfd\xa0\x92\xfa\x977v\xa7\xe9sB\x85\x9e\xc3\xf6\x9b\xfcA\x11\xd4\xf7\x9f\x8a\x802\xfen\xfd\xe4\x97\xff\x00RP(\xa3\xfa\x85@l\xb7\x11\xdca+77~\xf2J\x08\x07\x98\xfe\xff\x00\xdeS6I\xfd&amp;\xbf\xec\xd5\xb7\xfd\x95\x06\x99\xd1M\xd9\x07\xf4\x9f\xf8z\xdf\xc2P\x11\xf0\xe6\xe7\xef;\x7f\xdaj}\xae\x16\xf0\xdf\xc91\x87\xff\x00\x99\xdf\xc4\xd4\xf3M\x87\xf5\xb8!\x01Q\xc38\xd7\xdd\xa9\xbf\x91OT#\xb5\xfb[\xff\x00\xceQ\xea\x0e\xd8\xfb\xb5&gt;\x05&gt;\xef\xa5\xfb_\xfc\xc8P\xea\xc5\xff\x00o\x7f\xfe![\xec8\xf9M\x0f\xf3G\xf1\xbdTT:\xdf\xeb\xff\x00\xfc\x85k\xb0\xff\x00\xda\xa8\xff\x00\x9a?\x89\xe8B\xa3\x0b\x1dw\xfe]\x1d\xff\x00n\x92=\xa1\x1dP\xb6\xfa{\xfe\xc2,/\xe9w~\x8e\x8f\xfcJH\xf1\xff\x00\xa2\xdd\xfa\xbf\xe0B\x96\x03\xdf\x1f\xe6\x8f\xfd\xcb\xd4-\x91\x1dS-\xfe&amp;\xff\x00\xf7\x94\x14\xc1\xef\xff\x00\xe6\x0f\xfd\xcb\xd4-\x8f\xfa*}\xd5?\xe2PB\x14{C\xf4\xb5&gt;\xfb\xbf\x88\xa0\x86\xd0\xfd-O\xbe\xef\xe2( =\x05]\xfbld\xce\xed\x9a\xc6\x83\x07\xf4\xd0&amp;A\xcd\x1b\x8f%A\xd1\xe6m\x8e\xbf\x1c\xdag\x06\xd7u\xe0\xd6\xcc\x1d\x01\xfd[`\xd3\x00\xc8nX\xe6\xbaK\x9a\xde\xb1\xad\x19I:r\x13\xefA\xeeY^\x8b\xd3i\xc4\xed\x11\x04\xb7\xe5-\xbc\xc9\xbd\x16KLk\x05|8d{d\xe9x\xf1\xf5&gt;\x96\xc4\xdcU\xb1\xc6\xe1\xb6\xcc\x02+\xe0\x1c \xc14\xeaZ5\x1a\xcf%\x1e\xbd\r\xb0\xd6;\xe7\xf0B\x01\x92\xdaN\x12 \xc9\x9d&amp;\xc0\xf8\xa0N\xf9\xdeN\xf5\xa0\xc1\xd3\x06\x87\x16\xb4&lt;8n\xbbO\xad\xbdRM\xc5\'K\xf0z\xf3i\x168\xeer\xb3\x11\xd0l&gt;\xd2\xf9\x0e\x1c\xd2\xc4\xe1YO+\x8b\x03\xe8\x97&lt;\x0c\xc4\t#U~\xec6\xd6\x06&gt;_\x85\xd6\'\xe4\xd7\xfb\xda\xebt\x9ff\x8e\xff\x00\xb3\xb0\xc0\x81\x1dY\xb6\xa6z\xc7\x1c\xc6\xda\xad3\xd8\x0bK\xb2\x92[0\xd8\x89?\xcex\xadNM\xca]w\xe8yc\x8dmWg:\xe9^\x0bh\x81\x87\x151\xf4\xaaN"\x96W6\x84\x0c\xc5\xdd\x97\x17h\xe8\x99\xca\xb5L\xd9\xdbV\xe7\xfbR\x90\x97\x11\x1f%o;\xc4\xebe\x1b\xa6\xd4Hf\x14e\x00|\xb3\x0f&gt;.0\x1b\xba$\x99&lt;\xd6\xb2\x93L\xb8\xb8\xfd#o\x00\x04N\xe5\x89f{W\x0b\xcf\x84e\xe3\x8d\xbe\x7f\xc9\x9c;\x1bj9\xcd\x1f\xda\x8d\x02\x0eg|\x9e\x90\x87p#}\x8c\xa4\xf4/\x0fR\x9dL{k\xd55^\xdcSOXZ\x18\x1cz\x8apr\x8b6\x01\xd1hE\x06\x93\xa8\x0e"\xcei\xdcu\x1e\x8dT{\n\xf5\xf1\xe4\x98\x1f*`3\xa1\xfe\xebJ\x08\xe6m\xe4\xb1\xed\\\xa3%_\x8f\xb9T\x12k\x93A]\xae\x80\x03d8&gt;Km\xbb\xe2w//\xd3:\xc7\xd6w\xf1\x15\xe9\xda\x0c \x17\x02\t\xcaE\x81;\x88\x04\x81\xc0\xee\x0b\xcc\x18v\xc0\x8e\x04\x8f"W\xb7\xf4\xee\xa5\xfc\x1c5&gt;\x10\xe3\xa84\xdc\x89@aY\xf5BZ6\xaf\xa4y\x02\xf9+&gt;\xa8\xf2Jn\x15\x9fU\xbeA(\x14`\xa1@0\x8c\xfa\x8d\xf2\t\xc1A\x9fTy \xd2\x95\x99\x00\xdb\xda\x01\x8eI1\to7DP\x83\xbb;k\xd4\xc2\xd5\x15\xe9&lt;1\xe09\xb2Z\xd7\x02\xd7\x88sK\\\x08 \x84\xfe#\xa5X\x9a\xd5(\xd55\xdb\x9f\x0f=NFS\xa6)\xe6\xf7\x88k\x1a\x01\'\x9a\x99\xd0\xace*8\xcc\xf5*S\xa4:\x9a\xc1\x95*\x0c\xcceW2)\xb9\xc2\x0e\xfeJwI\xb6\xc5\x17\x8c\x17]V\x8e&gt;\xa56b\x05sE\xa6\x9b\x0er:\x90a\x8c\x9c\xb7\xdc\x80\xa2\xa9\xb7\xb1D\xb8\x9cC\xe5\xd2I\xb4\xdc\x10`\xc5\xacJ~\xafKq\xc5\x8ea\xaea\xe4\x97\x98\x12\xfbD;tx)56\xb6\xcd\xca\xfac\x03S\'k\xab2\xd0\xf6\x976\x06gf\xbeX\xb6\xe2n\xa9\xb6\xae&amp;\x95J\x99\xa8\xd24i\xe5h\xc8L\x9c\xc0C\x9d\xe2o\x08\x06jm*\xe6\x9bh\x9a\xaf\xea\xd9\x19[h\x19L\xb7v\xe3u\x1f\x19\x8c\xa9U\xd9\xea&lt;\xbd\xd1\x12u\x89\x98\xb72RIM\x13u@\xf0\x0b\xaa\xfb\x1cq\xf9.#,~\x9ebH\'\xe6\xd9\xe8\xb9`]7\xd9\x13\x87\xc9\xeb\xb5\xc0\xc1\xad3x\xec\xd3dA\x8b\x15\xe4\xd6\xfc\x96z4\xbf1\x1b\xea\x0f\xca`\xc3@\xb8i\xb9\r\xcd\x04L\xde\xf6\xe0\xa4T\xab\x965\r\x90\xe2Z\x05\x87\x03\xbe9\x8e\t\x86\xc6c\x94\x03\xa16;\x8c\x131\xbb\xf3O\x9c\xf76\x04r\xd7\x97\xdd\xba\xf8\xa7\xd4\x90\x97\xd6hv\xb2\x0c\x13\x1e\xf4\xeby\xd4k\xa7\x12\xa2&gt;Z\xd1y\x0e3:k6\xe3u"\xa80\xd9kw4\x828^~\xee\xa9\x9cA \xc8i\x12a\xdc\xa4\x816\xd4i\xe6\xaa2\xfe\x86K\xda\x14uL3s[H\xd3\xb2\xe1\xf9,H[\x0e\x9d\xe6\xea)\x074\x88\xaaF\xa3p+\x1e\x17\xde\xd0|\x95\xf7g\xc9\xd5\xfc\xcf\xc1Q\xb4\xe9\x83T\x9f\xb2\xd4\xc7W\xc9J\x
[...]
2G\x04\xf6\x1d\xf4O\xbc\xe2\xde\xf0c\xcc%\x12\xc6\x1e%\xd6\xb4\t\xd3S\xdc\x9b\xf9#\xcfh\x02\xe1raK\xc4\x86\x8a\xa7!\x04em\xc1W=\x1fd\xb1\xfb\xe1\xc3\xc8\xad\x90\xc9e\xdd\xbf\x82\x0e+m\x8d\xd9\x94\xea{\xcc\x13\xc4j\xb3\x1b[g\x1a.\x17$:bE\xec\x84\x0b\x19\xa3{\xc2\x92J\x8b\x8au\x87\x7f\xe0\x8e\x8bjUvV4\xb8\x9f\xa2\xcb\x9f\x18@H{\x80\xd4\xa6jW\xe0\xd2U\xfe\xce\xe86"\xa4\x1a\x85\xb4[\xcc\xe6\x7f\x90\xb0&gt;+U\xb3\xba\'\x84\xa5\xdas]Y\xdc^m\xe0\xd1a\xea\x9c\x83\x1b\xd1jB\xa1t\xd2\xce\xe9\xec\xf6I\x00G\x1d\x02w\xa6\xac-\xabK1\x19r\xfb\xb7\xec\x99\xb9\xe1y\x1eK\xa6S\x00\x0c\xa0\x007\x00\x00\xf4\x08\xdd\x81\x0e\x10Z\x1e7\x02\x01\n\xd1L\x07D\xaa\xd64\x1e\xdat\xda\xe6\x87\x92\x1e]\x00N\xa25r\xb4\xad\x84\xc4\x9b&gt;\xb0o*m\xfcJ\xd87\x00@\x80\xdc\xa0h\x00\x80\x90\xfd\x9ew\xc0\xef  1N\xd8\xcc\xfae\xef?i\xdf\x82\x1f\xd9\xcd\x1e\xeb\x1b\xe4\xb6\x03d\xb4\xea\xf6\xfe\xf0N\xd0\xd9L:A\xe4\x08(\x0e|\xcd\x8a\xd6I\r\x89P\xf6\xa6\xc9~\x1b&amp;$\t\xa7\x98\x07\x8f\xab&amp;\xde\x06\xeb\xa7b0\x02,\xdf\x03\xbde\xbac\x89-\xc3\x8aDCj85\xe7{Z\xde\xd7g\x89\x90\x12\x81i\x83\xd9\x0c-k\xdb\x19^\xd0\xf6\x98\xd48H\xf8\xa9\xcd\xc28L\x01\xc9R\xf4\x0fk\xf5\xacv\x1c\xb8\xbb\xa9kr\x97\x00;\x13\x00\x18\xd6!j\xc5&gt;\x07\xfa\xe0\x80\x82\xd2\xf0A-\x91\xcb\xcdrM\xad\x9a\x9dw\x88-"\xb1{d\x11\'9sL\xf8\xee]\xa0O\x08\xf4R)\xb6\xd6:j\n\xa0\xaf\xa2\xf9k]\x17\xca\'x\x98\x13\x13\xb98;\xee\x9f\xac\xce\x02\xe9\x02\x84\x9e\xd1\x8e=\xca\x005\xc2/\xe7\t\xc6\xda\x0c\xa2p\xa64\x19\x8f4\xdb\x89\xb9\xb7\xf5\xb9P=P\x9b\xe5#\xbaaG!\xd3a\xe3\xbb\xc58*\x98\x88\xec\xa7%\xd1\xd9\x1e\x08A\x82\xd97#\x9a*\xb5)\xd3k\x9e\xf3\x0ch$\x92tR\x05O1\x16Y\xae\x9f\xd4"\x95\x16\xe8\x1dP\x97\r\xc4\xb4H\xf8\xca\x852\xdd/\xda\xd4\xb15Xi5\xc3\xabai\xcd\x12\xe0\xe2\x0bLn\x1a\xf9\xac\xd3\x8cG"\x9d\xd9\xd8Z\xaf~"\xa8au6\x1f\x9cu\xa1\xa4\xba\x18\x9b\xae.G\x8a\xcc\x826\xbe\xcd\xf1\xc5\xbf(\xc3\xea\x03\x9bU\xbb\xec\xee\xcb\xbdc\xcdm[[\x86\xbb\xf9s\\\xb3\xa1x\xbc\x98\xfa&lt;*5\xd4\xcf\x88\x91\xea\x02\xe8\xbbS\x1dB\x83\x83kU\rs\x84\x86\x80\\\xe8\xe2@\xd0w\xad N/\xe3\xbf\x8f\x04\xcdK\xde\xdf\x15\x02\x96\xdb\xc2\xbe\xc2\xbb\'\xedK~*\xc2\x89k\xae\xd2\x1d\xbf\xb2Z~\x08A\xcaB\xe6\x07\xe1=\xc9Op\xe0\x86C&lt;\x119\xba\xef\x85@\xd5I\x88\x1f\x1b\xac\xbf\xb4Lh\xa7A\x94\x1a{UL\xbb\xee7\xf3$y-GW$o\xbf\xf5\x10\xb9\x7fK1\xdd~2\xab\x87\xb8\xc3\xd5\xb7\xb9\x96q\xf12Te)1\x0f\xca\xc2\xba\xc7\xb3\x9e\x8f8a\xa9\xb5\xc0\xb7&lt;\xd5\xa8\xe8\xb9\xcd\x19Z9\xe5\x85\x8a\xe8_D\xdf\xb4+\xc9\xec\xe1\xa98\x1a\xcf\xe3\xbcRo\x17\x11\xe0&amp;x.\xf1\x00\x0c\xad\x10\x06\x83\xf3^=N\xa3g\xc3\x1e\xcfF\x9f\x0e\xe7o\xa0\xd9\r\x01\xad\x005\xb6\x03p\x1f\x9a0\xef\x13\xc9 \xd3\x8dQT\x04\xb4\x80bm?\x15\xf2\x9d\x9fF\x92\x1c\x0c\'u\xb7\xcapF\xef\x82m\xb5\xa0\x00/\xa4\'\x1aL\x1c\xda\xf2UQ\x18^H!\xd57\xea\xfa\xa0\xa8\xb3\xcb-\xa3;\x92\x86\x13\x89\x85%\x11p_x\xf8\xe3tp\xcdo3\xc4\xa7\x93N\xae\x07\x12\x9dc\x81\x00\x8d\n\x01TD\xb9\xa3\x8b\x87\xc5k\xea\xe1Hs\x1f\xf5\x84\x1e\xf1\xfc\x96A\xa6.5\x04)\x18\x8e\x90\xe2\x1d\xd9\x97D\xe8,;\xd4`\xd9Q\xc0\x06\x87\x12@l\x87\t1\xde\xb3\xbd&amp;\xa6\xcc\xads\\\xd2f\xd0woT\xc1\xd5\xea\x19&gt;n:|Su\x1c\xe3\xef\x19#\xfa\xb2$\x06\xd9\xab\xbb\xc7\xc1-!\x9a\xbb\xbc|\x02Z\xa04\x10@ \x02\x08\xe1!\xd5\x00\xd4\x8f\x8a\x10Z\t\x02\xa7\x06\xb8\xfa|P\x87r\x1d\xd2P\x0b\x84\x97&lt;\rH\x1e(\xba\xbe$\x9fA\xe8\x94\xd6\x01\xa0\x01\x00\x8e\xb3\x80\'\xc2\x07\x99GR\x81p\x9d2\xf3N)\xdb.\x9c\xe7\xf0@T\x83u\x1a\x89\xe1\xc4\xab]\xa5\x81\xcas\xaa;\x83\xc1\n\xc9\xddiJk\xd4qT\x1f\xebT\xe0(BFt\xbc#\xbbG\x98QAN\xd0wh(Q\xd7"J\xaa.\x90\x806\xba\x11\x97\x92\x896\xfa\xa0 \x16\x8ax\x98L\x1a\xce6\x02\x12\x9b\x86\x9fx\xa0\x03\xf1;\x9a$\xa2}\xafQ\xdd\xcd\t5\xb1\x19;,\x11mT"f\xe6\xe5PL\xa4\x05C\x11\x02-\x1f\x8aP\xc2A\xb1H\xc0{\xde\nr\x10\x08\xd1 P\x01\x11("(\x00Q\x14\x10(\x04\xb9\x1b\x18c\x82s\x0c\xcc\xce\x8eD\xf9\'\xf34i~z\x05\x1a*cL\xc3\xf1(\xf1L\x02\x9b\xa0\\\x8dw\x9d\x10v.4\x81\xdc\x92\x1a\xf7\x1b0\x9f\x0f\xcd(\xb6@\xc2Q\xedv\x99\x99\xbb\xc7\xe4\x96p\xcd\x13\xda\x81\xc2d\xab\x06l\xca\xcf\xe0\xd1\xf6\x8f\xe4\x9f\xa5\xb0\x84\xf6\xeaG\x08\x16\xf3(B\x91\xe7)\x96\xe8@\xd5?\xd4\x97\\yL|\x13\x9bSg\xf5uM)\x9b\x08&lt;A\x12\x9d\xd9\xfb*\xa5P_N;\x10\xdb\x98\x93\x1a\x05H1G\x0e\\CZ\x1e\xe7p\x05\xc4\x9f\x05-\xdb*\xb8\x19\x9dF\xa4\x0e \x98\xf0\xd5%\xc6\xa57\x00\xf0\xe68\x1b\x1b\x83&lt;\x88\xd7\xc0\xad&amp;\xc7\xe95I\r\xa95\x06\xe7\x0fxw\xa03")&gt;\x91\xadI\xd9Ik\xf2\x91\x19\xd8\r\xe0\x1e&lt;\xd7O\xd8\x18\xcc=F\x1f\x934\xb04\xc3\x99\x97)i\xe0\xe05\xf0%b\xfaCE\xb8\x9a\xe2\xb3\x8b\x98\xd6\xb46\x0cI\xcaI\x92wj\xa1\r\xa2\xcaA\xcc\xa2\x1cK\xbd\xec\xa4\xc1\x8d3\x11\xaa]\x16\x8e\x97_i\xd1\xa7\xef\xd4\x13\xc0\\\xf9\x05W\x89\xe9U&amp;\xdd\xac\'\x9b\x88h\xef\x8dW=\xa9\x8a\xa8w\x86\x0e\r\xb9\xf1?\xcdE,n\xa4\x17\x1e.3\xe8,\xa6\xe2\xd1\xb5\xc4\xf4\xf4\x83\r\xc895\xa5\xc7\xd5W\xd7\xe9\x9e%\xde\xeb\xaaGx`\xf2\x01f\xfa\xe3\xa4\xc7!o\x82l\xb9Ke\xa2\xd7\x11\xb7\xb1\x0e\xd5\xcd\xf1{\x9d\xe9?\x82\x86\xfcuS\xfa\xc0;\x98\x0f\xc5E.\xeeE)lQ \xe2_\xfe#\xfc\x00\t\r\xc4&lt;\x10EZ\xa0\x8e\x0e\x8f\x82i\x18AF\xb7\xa3}9\xafJ\xab\x19\x88y\xadE\xc44\x97Fv\x02c0p\xd4\x0e\x06V\xfb\xa4\xfd\x1fn)\x9d^l\x8e\x99\x0f\x10g\x9cp!q*\xa2\xc7\xb8\xfc\x17z\xd8\x0f\xcf\x84\xc38\x8fz\x8d3?\xb2\x07\xe0\xb4\x99\x1a3\xfd\x15\xe8\xa7\xc8\xdfQ\xce\xab\xd6\x17\x86\x8fw,\x00I\xf1\xd5h\x8b-\xcb\x86\xe5+(\xde?\x9a&lt;\xb2\xa9\x08\xae|\x88\x00\x9e[\x827S\xfa\xc4\x01\x1b\x94\xa3@\x9d\xfa\xa2\xf9=1\xef\x12yE\xb9_\x82\x02\x10\xc4_\xb2O\x88K\xcf~\xd7\xa2z\xbc\x9d\x1b\r\x1c\x06\xa9\xaat\xfb\xe5\x00\xb6\xd1o\x1f4\xe9\xa2\xa3\xccO\xfd\x105O?\x04\x04\x8e\xad&amp;\xa5\xb5\x1eH\xba\xf4\x1a\xf9\xde\x10\x0c\xbc,\xf7M(\xce\x16t,{]\x1c\x8d\x8f\xc4-Ia7\xbd\xec\xa9\xbaT\x00\xc1\xd7q\xfa-\x07\xc9\xc3\xf3@s\xad\x99\\\xb2\x9e8\x1b\xb5\xf4X\x00\xdc\x0b\xea\xb5\xbew*\xa7\x1c\xdd\x0f\x87\xf5\xea\xac*\xd4s\x05F\xb4\x80\xda\x8c\xcaw\x88\x90\xe0|\x08\x05D\xc52Xx\x8b\xf9(\x08x,s\xa8\xd7\xa3U\xa4\x02\xc7\x82$[\x81%\\\xed\xdd\xb5\x9b\x11\xd6\xd7-p\xa8\xd6\xc3\xa9e#+m\xa4\xd8\xddfq\x9a\x03\xcf\xe2\x9f\xd8\xfb*\xae*\xa1\xa5A\x92\xf0\xd7&lt;\xc1\x80\x1a\xd1$\xdf\xc0G\x12\xa2\x0c\xd0\xd4\xc4\xe0\xc9\x1d^$\xdfQR\x99lx\x89\x08\xdb\x84i\xbb\x1fM\xdc\xda\xe8&gt;F\x15&gt;\xcc\xe8\xb62\xb9-f\x1d\xf6\x04\xf6\xc7V5\xd09\xd0&amp;\xfa$c\xfa5\x8b\xa0~s\rY\x9c\xc0\xcc&lt;\xdb#\xd5Ph\xe9b\xb1\x14\xfd\xda\xb5\x00\xe1\x9aG\xa9*^\x1b\xa4\xb8\xa6}6\xbb\x93\xd8?\x08X&amp;\xe3\xaa4\xc0{\x87\x7f\xe4\xa53l\xd4\xfa\xc0\xf7\xa0:.\x1f\xa6\xee\x07\xe7(4\xf3c\x886\xefT[\x03\xa2\xef\xc7b^\x18K(\x07\x97\xd5\xa8uc\\s\x06\x0e5\x08L\xf4C\x03[hU\xea\xd8\xd0\xcam\x83V\xacY\x82wF\xae;\x82\xec\xfb;\x04\xca4\x9bF\x8b"\x9bM\x86\xf7;{\x9cw\xbaey5:\x9ff\xb6\xae\xcfF\x0c\x1b\xdd\xbe\x89\x18\x1c=,=\x16P\xa2\xcc\x94\xd8!\xad\x1a\xde\xe4\x9e.&amp;\xe4\xa7\x99V/\xbc\xeb\xf9w\xa6\\\xc8\x17\xd0k\xff\x00\xe2\x9b}A\xba\xc0h8\xf7/\x92\xdbn\xd9\xf4\x94RT\x89e\xe3\x8e\x89.\xbe\x83}\xcae\xa0\xba\xfc\xc2\x98\xd8\x1f\xd7\x9a\xa06\x00\xdd\xf2S\x8c;\xe2\xe9\xa7\x01:L\xc7\xf5\xdc\x8d\xb6\xfe\xbd;\x95 \xe1w"\x89 \xb4\xf0&gt;h*C\xcc\x15\x1do\x1f\xc16^\x8d\xda_\x8ai\xc1}\xdb&gt;:A\xbd\xeaV\x10\xf6\x1b\xfdoP\x88R\xb0\xde\xe0K\x0c|\x94A\xf0\x89\x02\xa8\'\xe26\x95CM\x8c\x91\x19x\xcc_x\x8d|\xd4\x04nD\xa0\x12\xdd]\xde&gt;\x01\x03U\xbcGp\xb9\xf4I\xea\xc1s\xa4N\x9f\x00\x9ch\x8d\x15 \x90\xe3\xb9\xa7\xc6\x028v\xf2\x07u\xfe)h!F\xcd!\xbc\x97w\x9f\xc0%\xb5\xa0h\x11\xa0\x84\x02\x01\tF\x80\x08"@ \rH\xc1W\xcb\x9b\x9c(\xc9\xca[\xd4eC\xf5q\x04\xff\x00R\xabN\x11\xba\x80\xa78\xebd\xd3\x86\x80\x85\x9b4Gu;\x1d\xc3\x87\xe4\x90\x18?\x9c)\x06\x9f\xf5(\x16\xf1\xfe|\x95\x14D%\x1d\'\x89\xb7\x14\xa70\x1dS}D\x19\x95\xa3\x04\xfa\xbf\x15\x1c\xb9\xc7A\x03\x89\xfc\x93\xf30\xa2\xb0\x06\xe8I\xefQ\x95\nu?\xac\xe4mcE\xe1%\xf7\tNj\x14&lt;\xe7t\x0fT}\xe5$\x8f\xe5dA\xdahe@3\x8a\xa3l\xda\x1d;\xd4E:\xa3A\x10m\xe3\xbd0h\x0f\x0e&lt;\xd5Db\xf0\x1e\xf1\xeeS\x94\x1c\x10\xed\x1e\xe54\x15H\x1c\xa0\x89\x1a\x00"BQ\x14\x01\x14E%\xd5\x87\x7f \x995I0\x04_\x7f\x82\x01\xec\xe4NQr\x08\xf3\xd5^l\x1d\x96\xda\xb4\x9bQ\xc31\x925\xe0cEWS\x05Q\xf5\x0fUM\xcf\x16\xf7\x01 \x1d\xebY\xb1v3\xdbE\xa2\xa3\xeaS&amp;H`\x8b^o\x08Qm\xc01\x9e\xeb@\xf0\x00\xf9\xa8\xd8\x8a\x80\\\xb9\xbewS*\xecv\xea\xe2\xf3\xce\x7f\xaf%\x12\xa6\xcf\xa6&gt;\x84\xfa\xa0+\xeac\x9b7\x88\xfe\xae\x9c\xa7P\x1f\xeb\xd5?W\x08&gt;\xac&amp;*aa\xae7\x80\t\xf2@Sc*K\xea&lt;\xfd\xd1\xf0\xf8\x05a\xb2q\xc1\x94\x9a\xc6S\xcc\xf3$\x9d\x04\xf1L\xe1\xf6\x7fX\xd31b\x07\x88\xd5N=^\x1d\x97\xb0\x1eg\xb9\x00\xb7\xf5\xb5\x04Uwg\xea6\xc3\xc4\xa8U1\xedob\x8b3\x11\xacY\xa3\xbc\xa8\xf8\x9cC\xaa{\xf2\xc6n`\xb3\x9d\xc0\xb8\xee\n=G\xc0\x8d\x06\xe6\x8d\x02\xc3f\x92\x05W\x17\x1f\x9cvo\xb2,\xd0\x9b/\x81\x1a\x0e\x03D\x87\xbc\x94\x98Y\xb3T\x02\xe4\x94e\x05H\x12\x08\xca\n\x81(\xd0\x84\x15\x00B\x10\x84a\x00DYv\xde\x82bK\xb6n\x14\x8d\xcds?q\xee\x10\xb8\x99]\x7f\xd9]p\xed\x9c\x19\xf5+T\x07\xc6\x1d\xf8\x95be\x9a\x92\xe9\x8e\xcf)\xd7\xcd\x1dZ0&amp;\xf1\xc9\x0fwKY\x11\xc5\xeep\xb4k\xa8Z \x92\xc7\r\xf6\xe1\xfc\xd1g\xbe\xb1\xc8\xa1U\xcd:\x1e\x1d\xde\x08\x9d\xb88\xcf\xa8\xe4\x80"|;\x919\xf2n&lt;S\xadh\xdfc\xbb\xf3I.\xbd\xae\x80d\xd3\xd2\xf07\x83\xf8&amp;\xcb\xa4\x90\x1a\xe9\xe24S\xc3\x01\x1f\x81M\xbb\x0c9\xfc}\x10\x10\xe4\x1dZI\xe5\xaf\x9a|Q\x91a\xca\xfc\x93\xaddo\xbf\xf5\xaaC\xb5\x8by\xef@"\x1c\x06\xff\x00\x1dUWK\x1f8\x0cX?\xe1;\xf0V\xe6\x99\xe7\xdf*\x97\xa6\xb0\xdd\x9f\x8a7\xf7#\xc4\xb8\x08@r\x8d\x94\xe7\xd4\xa6\xe1\x94\xbb\xaah.p\xdc\xd2`\x13\xdcl\x9d\xa7\xc3\xc1G\xd88\xc7\xd3n!\xadi9\xe94&lt;\x8d\xcd\x0e\x04\xf8\x18\x01+\rRE\xf5\x1f\xd0*\x10\xad\xc42\xceo\x0f\xc3E\xa2\xf6[\x81s\xf1f\xb0$6\x8b\t&amp;bK\xbb-i\xe4o\xe4\xa9\xb6\x83a\xd3\xb8\x8fU\xd3\xbd\x99\xec\xf1O\x00\xda\x82\t\xac\xe79\xdc\x00k\x8b\x03\x7f\xd2|\xd1\x03L+\xbc\x88$\x9es\xe8\x9df \x8b\x87E\xbe\t\xa2\xd8\xd0\xcf$A\xf1\xfc\xd6\x80\xe3\xda\xd3\xef4;\xbd\xa0\xf8\xa8\xd4\xf6M*\xae\xcb\xd4R?X\x9am&gt;)\xdat\x9c\xf3\x0c\xb1\xde\xad\xe8\xb3(\r\x16\x9dO=\xe5y5:\x85\x8dR\xec\xf4\xe0\xc2\xe6\xed\xf4#g\xe1)RfJ4\xdbM\x80\x9e\xcb\x1a\x00s\xa3X\x1b\xca\x90\xfb\x03:\xe9c\xa7&amp;\xa2e!\xae\xe1\xa7~\xf2\x9a\xc48\xcf\x1e\xede|\x86\xdbv\xfb&gt;\x92T\xa9\r\xbd\xe7Mof\xfe3\xbd=F\x84\xf6\x9d\xc3\xcd\x16\x1e\x99\xd4\x8d\xd7=\xfa\x00\xa5\x1e\xcc\x7fAZ\x0cS\x9cl\x00\xf3\xdc?4\x03c\xc5%\xa3y\xd6\xfb\xd2\xc3\xe6\xf7\xe4-\xe6\xa9\x03\x06&amp;g\x9f\xe0\x02&amp;N\xff\x00\xe8$\x93"\xe4s\xd7TuL\x01\xa9\xe5\xba\xe8\x07s\x9eh&amp;\xfa\xb6\xf0\x08 \xa3\xcc\x06\xff\x00\xd6\xa8\nI\xf61+"\xfb\x87\xc7"\xbd\xb6Na\xbd\xd0\x85qd0\xc3\xb0\x15\x0cu\x04%\x19B\x04w"F\x89\x10bY\xab\xbb\xc7\xc0%\x84\x86\x9b\xbb\xbc|\x02Z\xa4\x04 \x8eP\x08P#)\x0ex\x1a\x90\x8b9\xdc\xd3\xdel?4 \xb4\x12!\xdb\xc8\x1d\xc3\xf1(uC}\xfb\xee\x80\x1dh\xdds\xc0]\x0c\xc7\x84w\x9f\xc0%\x12\x81@#)\xde\xe3\xe1a\xf9\xa7\xf0\xac\xd6-\xfdqM\xa5\xd06trQ\xf4U\xd8\xee^\xf4D \nA\xba\xc1\xb0:#\xfe\xa9$\xf1\x94\xa2\tIp\x05P5\x90n\xfeI%\x86a&lt;]\xa7$\xd9r\xb6f\x87\x01\x8b\x9d\xca0\x1b\xd3\xa0M\x90-)e\xa1\x8a\x92`6\x05\xd0k\x1c].0\x07\x04\xf1d8w\x14`*e\xf6$S\xe4\x9e\xa5\x85\'\xc7\xc1N\x862\xefp\x1c\xb8\xf8(\xef\xdam\x1f\xa3iw3a\xe4\x94[\x05,\x1f$\xf8\xc2\x05Y\x89\xc4\xbd\xde\xf1\xd7p\xb0Rp8\xd6\x9c\xac9\xa7I1\x04\x8ez\xaaB\x1d6\xc5W\x81\xa0\x94\xfe\xf4\xc1?=S\xbc\xa7\x90\x82\xa1 \xd5\x01%\xf4\x1c\xf2\x03C\x8fw\x1e\x10\x15\xf6\xcd\xe8N)\xf0K\x05\x16\xf1\xa8`\xf7\x86\x8b\x9fD*3\xe6\xa9\'H\xef\xd5*\x8e\x11\xd5]\x95\xa1\xcf\'sD\x9f \xba\x16\xce\xe8E\x06^\xa3\x8dg\x0b\x90{,\xf2\x1a\x8e\xf2\xb4Xp\xd67+\x1a\xd6\x8d!\x82\x07\xf3R\x99x9\xee\xcf\xe8V!\xe0u\x91DF\xfb\xba\x0f!a\xe2\xb4\x98\x1e\x89a\xa9\tp5Lj\xfb\x8f\x06\x8by\xab\xe1\x9eoq\xf0\xf2F)Z\xf6V\x85\x91(S\x1a\x01\x00Z\x05\x87\x80\t5Zo\xb8\x1e\x03\xe2\xa7\xba\x89$\x9d\x07\x00\x11\xfc\x88\xc6\x9d\xca\x90\xa4n\x1c\x9e\xef\x8f\x9aS\xb0\xa0\x08\x8f\x19\xf8+\xc7a\x85\xafq\xba\x12\x9b\x84q\xdda\xbfD\x06}\xb8H\xbc\x7f\xd1C\xdb\x81\x81\x86\x94\xf6\x9d\x12\x06\xe12g\xbc+m\xb9\x8cn\x1ce\x17\xaa\xe1\xa6\xe6\r\xce#\xf0\xe4\xb18\xecqi\xc8\xce\xd5W^\xff\x00G\x8b\x9c\xa3\x01\xe31\x82\x98\x0ch\xcc\xf3\xee\xb0|O%TI\x0e\xce\xe7f\xa9\xc7\xe8\xb7\xee\x8e&lt;\xd1Hl\xc1$\x9fy\xe7W\x1d\xe0pji\xc5sr6\x90O\xa9\xc3\xcd6R\x8aIY4\x11E\x08\xe1\x08T\x82Q#\x84P\xa8\x01A\x1a\x05R\x04\x89\x1c \x10\x00#@#@\x08]#\xd8\xf5y\xa5\x8a\xa5\xc2\xa57\xfe\xf3\\\x0f\xabW8[\x8fc\xd5\xbf\xbdb)}z!\xdf\xfan\xff\x00\xfb+\x123\xa7\x1aN7$\x00/\xcd)\xd5\x04q\xe6\x94\xeaD\x88\x1e\xa8\xc6\x15\xce\x19@\x9e\xff\x00\xc9t2Fssn\xb7+\'\x19J\xf0\x05\xf8\x92\xa4\x0c3\xdbhH}*\x84\xc0\xa6wI04@2\x18\r\x8d\x88\xdd\xbc\xa3\xa7H\xf1\x81\xae\x8aX\xc2=\xc3\xb4\x04\xee3p\x88a\x1e\xdd`\x9fD\x03/\xa7\x96\xc8\x13"\xe7\x92\x92\xd6q\xd7x\x8dR\x1dOx\x08\x08\xeebd\xdb_\xcdK\x16\xf0\xf0&gt;(\x166\xe6P\x10\xc5\xce\xb2;\xbd\x02\xca\xfbO\xc4e\xd9\xeel\x9f\x9c\xa9L\x01\xc8;1\xf8z\xad\x91\xa6\x07\x8fr\xe6\xbe\xd5j\xe7\xa9N\x80\x0e-\xa7w\x10$\x02\xeb\xdf\xc2\x14d9\xfe\n\xb3\xf3ut\x89\x05\xe3-C\xb8\xb6tR\xa9\xd9\xc4w\xfa(\xf8*\x81\x99\x9cM\xc9 w\x03\t\xf7:\\\x1d\'Ce\x00x\xd1-\x07\x81\xf4+\xa0{,\xc7f\xc2\xd4\xa2\xe3\xfa*\x92;\xaa\t\xf8\x87.}U\xd6*\xeb\xa0\x9d \xa7\x83\xadT\xd5\xceYV\x98\x07(\xcd\xdak\xa4\x1dx\x13\xa7\x14)\xd6I\xdco\xcbS\xe4\x97I\x84\xba\x18\x7f\x90\xde\xaa\xb6F\xdf\xa1\x8b\xa8)\xd0\xaa^\xf2$0\xb5\xcd-\x03Rdh\xb5\x98|8`\x80d\x9dI\xd4\x91\xf8\x05\xc3Q\xa8X\x95.\xce\xf8p\xbc\x8e\xdfB&gt;N\xd6\x88\x11\xcc\xe8O4\xaaT\xbf\xae\x03\xf3N\x00,O\x80\xfca)\xc6;\xce\xe5\xf1\x9brv\xcf\xa6\x92\x8a\xa4"\xa9\xf4\xdd\xf0LS\xa5.&amp;\xfak\xf1O\x06\x93\xe7\xe6\x9dm\xb7j\x88\t`\x17\xe1\xb9%\xad\x04\xf2\xfcw!\x97q\x89\xe4\x9d\x0f\xe1x\xf4Z G\x81\xb0\x1a\x91\xa9\xe4\x95\x12;\xf8\xf3Jka6M\xca\x01.\xf2C9\x8dg\x80?\x12\x9b\x8bpHs\xb9\xee\xf0\x85\x00\xb0\xeeh&amp;MC\xc9\x04\x07\xff\xd9'}, allow_redirects=True, timeout=None
headers={'User-Agent': 'python-requests/2.22.0', 'Accept-Encoding': 'gzip, deflate', 'Accept': '*/*', 'Connection': 'keep-alive', 'user_id': '5e445f7cdef1790017274fa2'} 
data=None 
json=None</msg>
<msg timestamp="20200212 17:27:41.003" level="INFO">${response} = &lt;Response [200]&gt;</msg>
<status status="PASS" starttime="20200212 17:27:40.298" endtime="20200212 17:27:41.003"></status>
</kw>
<status status="PASS" starttime="20200212 17:27:40.255" endtime="20200212 17:27:41.004"></status>
</kw>
<status status="PASS" starttime="20200212 17:27:40.251" endtime="20200212 17:27:41.004"></status>
</kw>
<status status="PASS" starttime="20200212 17:27:37.973" endtime="20200212 17:27:41.004"></status>
</kw>
<status status="PASS" starttime="20200212 17:27:37.963" endtime="20200212 17:27:41.004"></status>
</kw>
<status status="PASS" starttime="20200212 17:27:37.553" endtime="20200212 17:27:41.005"></status>
</kw>
<kw name="Quando eu acesso o dashboard" library="spot_steps">
<kw name="Dado que estou logado como ${email}" library="spot_steps">
<kw name="Abrir navegador" library="base">
<kw name="Open Browser" library="SeleniumLibrary">
<doc>Opens a new browser instance to the optional ``url``.</doc>
<arguments>
<arg>about:blank</arg>
<arg>chrome</arg>
</arguments>
<msg timestamp="20200212 17:27:41.010" level="INFO">Opening browser 'chrome' to base url 'about:blank'.</msg>
<status status="PASS" starttime="20200212 17:27:41.010" endtime="20200212 17:27:46.548"></status>
</kw>
<kw name="Set Window Size" library="SeleniumLibrary">
<doc>Sets current windows size to given ``width`` and ``height``.</doc>
<arguments>
<arg>1440</arg>
<arg>900</arg>
</arguments>
<status status="PASS" starttime="20200212 17:27:46.549" endtime="20200212 17:27:50.679"></status>
</kw>
<kw name="Set Selenium Implicit Wait" library="SeleniumLibrary">
<doc>Sets the implicit wait value used by Selenium.</doc>
<arguments>
<arg>10</arg>
</arguments>
<status status="PASS" starttime="20200212 17:27:50.679" endtime="20200212 17:27:50.684"></status>
</kw>
<kw name="Go To" library="SeleniumLibrary">
<doc>Navigates the current browser window to the provided ``url``.</doc>
<arguments>
<arg>http://spotlab.herokuapp.com/</arg>
</arguments>
<msg timestamp="20200212 17:27:50.684" level="INFO">Opening url 'http://spotlab.herokuapp.com/'</msg>
<status status="PASS" starttime="20200212 17:27:50.684" endtime="20200212 17:27:53.251"></status>
</kw>
<status status="PASS" starttime="20200212 17:27:41.008" endtime="20200212 17:27:53.251"></status>
</kw>
<kw name="Input Text" library="SeleniumLibrary">
<doc>Types the given ``text`` into the text field identified by ``locator``.</doc>
<arguments>
<arg>${INPUT_EMAIL}</arg>
<arg>${email}</arg>
</arguments>
<msg timestamp="20200212 17:27:53.252" level="INFO">Typing text '2@2.com' into text field 'id:email'.</msg>
<status status="PASS" starttime="20200212 17:27:53.251" endtime="20200212 17:27:53.448"></status>
</kw>
<kw name="Click Element" library="SeleniumLibrary">
<doc>Click the element identified by ``locator``.</doc>
<arguments>
<arg>${BUTTON_LOGIN}</arg>
</arguments>
<msg timestamp="20200212 17:27:53.449" level="INFO">Clicking element 'css:button[type=submit]'.</msg>
<status status="PASS" starttime="20200212 17:27:53.448" endtime="20200212 17:27:53.520"></status>
</kw>
<kw name="Page Should Contain Element" library="SeleniumLibrary">
<doc>Verifies that element ``locator`` is found on the current page.</doc>
<arguments>
<arg>${DIV_DASHBOARD}</arg>
</arguments>
<msg timestamp="20200212 17:27:54.430" level="INFO">Current page contains element 'class:dashboard'.</msg>
<status status="PASS" starttime="20200212 17:27:53.520" endtime="20200212 17:27:54.430"></status>
</kw>
<status status="PASS" starttime="20200212 17:27:41.007" endtime="20200212 17:27:54.431"></status>
</kw>
<status status="PASS" starttime="20200212 17:27:41.006" endtime="20200212 17:27:54.431"></status>
</kw>
<kw name="Então devo ver a seguinte mensagem &quot;Você pode cadastrar até 4 spots&quot;" library="spot_steps">
<kw name="Page Should Contain Element" library="SeleniumLibrary">
<doc>Verifies that element ``locator`` is found on the current page.</doc>
<arguments>
<arg>//button[contains(text(),'${expect_message}')]</arg>
</arguments>
<msg timestamp="20200212 17:27:54.836" level="INFO">Current page contains element '//button[contains(text(),'Você pode cadastrar até 4 spots')]'.</msg>
<status status="PASS" starttime="20200212 17:27:54.432" endtime="20200212 17:27:54.836"></status>
</kw>
<status status="PASS" starttime="20200212 17:27:54.432" endtime="20200212 17:27:54.837"></status>
</kw>
<kw name="Fechar navegador" library="base" type="teardown">
<kw name="Capture Page Screenshot" library="SeleniumLibrary">
<doc>Takes a screenshot of the current page and embeds it into a log file.</doc>
<msg timestamp="20200212 17:27:55.857" level="INFO" html="yes">&lt;/td&gt;&lt;/tr&gt;&lt;tr&gt;&lt;td colspan="3"&gt;&lt;a href="selenium-screenshot-124.png"&gt;&lt;img src="selenium-screenshot-124.png" width="800px"&gt;&lt;/a&gt;</msg>
<status status="PASS" starttime="20200212 17:27:54.839" endtime="20200212 17:27:55.857"></status>
</kw>
<kw name="Close Browser" library="SeleniumLibrary">
<doc>Closes the current browser.</doc>
<status status="PASS" starttime="20200212 17:27:55.857" endtime="20200212 17:27:58.974"></status>
</kw>
<status status="PASS" starttime="20200212 17:27:54.838" endtime="20200212 17:27:58.975"></status>
</kw>
<tags>
<tag>limite</tag>
</tags>
<status status="PASS" starttime="20200212 17:27:24.673" endtime="20200212 17:27:58.976" critical="yes"></status>
</test>
<doc>Spots

Para que eu possa disponibilizar spots para locação
Sendo um administrador de spots
Quero poder cadastrar novas empresas</doc>
<status status="PASS" starttime="20200212 17:27:22.133" endtime="20200212 17:27:58.985"></status>
</suite>
<status status="PASS" starttime="20200212 17:27:22.111" endtime="20200212 17:27:59.031"></status>
</suite>
<status status="PASS" starttime="20200212 17:27:22.067" endtime="20200212 17:27:59.034"></status>
</suite>
<statistics>
<total>
<stat pass="1" fail="0">Critical Tests</stat>
<stat pass="1" fail="0">All Tests</stat>
</total>
<tag>
<stat pass="1" fail="0">limite</stat>
</tag>
<suite>
<stat pass="1" fail="0" id="s1" name="Tests">Tests</stat>
<stat pass="1" fail="0" id="s1-s1" name="Spots">Tests.Spots</stat>
<stat pass="1" fail="0" id="s1-s1-s1" name="Spots">Tests.Spots.Spots</stat>
</suite>
</statistics>
<errors>
</errors>
</robot>
